{
  "D:\\Escritorio\\Uni\\4\\gps\\web\\web\\pages\\_app.js": {
    "path": "D:\\Escritorio\\Uni\\4\\gps\\web\\web\\pages\\_app.js",
    "statementMap": {
      "0": {
        "start": {
          "line": 5,
          "column": 2
        },
        "end": {
          "line": 5,
          "column": 37
        }
      }
    },
    "fnMap": {
      "0": {
        "name": "App",
        "decl": {
          "start": {
            "line": 4,
            "column": 24
          },
          "end": {
            "line": 4,
            "column": 27
          }
        },
        "loc": {
          "start": {
            "line": 4,
            "column": 54
          },
          "end": {
            "line": 6,
            "column": 1
          }
        },
        "line": 4
      }
    },
    "branchMap": {},
    "s": {
      "0": 12
    },
    "f": {
      "0": 12
    },
    "b": {},
    "_coverageSchema": "1a1c01bbd47fc00a2c39e90264f33305004495a9",
    "hash": "bcb29f5a2b7baf307cdf2b518a7e0dbef438599d"
  },
  "D:\\Escritorio\\Uni\\4\\gps\\web\\web\\firebase.js": {
    "path": "D:\\Escritorio\\Uni\\4\\gps\\web\\web\\firebase.js",
    "statementMap": {
      "0": {
        "start": {
          "line": 8,
          "column": 23
        },
        "end": {
          "line": 15,
          "column": 1
        }
      },
      "1": {
        "start": {
          "line": 18,
          "column": 12
        },
        "end": {
          "line": 18,
          "column": 41
        }
      },
      "2": {
        "start": {
          "line": 20,
          "column": 20
        },
        "end": {
          "line": 20,
          "column": 32
        }
      },
      "3": {
        "start": {
          "line": 22,
          "column": 11
        },
        "end": {
          "line": 22,
          "column": 28
        }
      }
    },
    "fnMap": {},
    "branchMap": {},
    "s": {
      "0": 6,
      "1": 6,
      "2": 6,
      "3": 6
    },
    "f": {},
    "b": {},
    "_coverageSchema": "1a1c01bbd47fc00a2c39e90264f33305004495a9",
    "hash": "3562d8406563cfc191ea38399e974630442cb70b"
  },
  "D:\\Escritorio\\Uni\\4\\gps\\web\\web\\components\\layout.js": {
    "path": "D:\\Escritorio\\Uni\\4\\gps\\web\\web\\components\\layout.js",
    "statementMap": {
      "0": {
        "start": {
          "line": 6,
          "column": 15
        },
        "end": {
          "line": 40,
          "column": 1
        }
      },
      "1": {
        "start": {
          "line": 8,
          "column": 16
        },
        "end": {
          "line": 8,
          "column": 27
        }
      },
      "2": {
        "start": {
          "line": 11,
          "column": 22
        },
        "end": {
          "line": 23,
          "column": 2
        }
      },
      "3": {
        "start": {
          "line": 12,
          "column": 2
        },
        "end": {
          "line": 22,
          "column": 6
        }
      },
      "4": {
        "start": {
          "line": 15,
          "column": 4
        },
        "end": {
          "line": 15,
          "column": 25
        }
      },
      "5": {
        "start": {
          "line": 16,
          "column": 4
        },
        "end": {
          "line": 16,
          "column": 21
        }
      },
      "6": {
        "start": {
          "line": 17,
          "column": 4
        },
        "end": {
          "line": 17,
          "column": 43
        }
      },
      "7": {
        "start": {
          "line": 21,
          "column": 4
        },
        "end": {
          "line": 21,
          "column": 23
        }
      },
      "8": {
        "start": {
          "line": 24,
          "column": 1
        },
        "end": {
          "line": 39,
          "column": 3
        }
      },
      "9": {
        "start": {
          "line": 31,
          "column": 28
        },
        "end": {
          "line": 31,
          "column": 42
        }
      }
    },
    "fnMap": {
      "0": {
        "name": "(anonymous_0)",
        "decl": {
          "start": {
            "line": 6,
            "column": 15
          },
          "end": {
            "line": 6,
            "column": 16
          }
        },
        "loc": {
          "start": {
            "line": 6,
            "column": 33
          },
          "end": {
            "line": 40,
            "column": 1
          }
        },
        "line": 6
      },
      "1": {
        "name": "(anonymous_1)",
        "decl": {
          "start": {
            "line": 11,
            "column": 22
          },
          "end": {
            "line": 11,
            "column": 23
          }
        },
        "loc": {
          "start": {
            "line": 11,
            "column": 28
          },
          "end": {
            "line": 23,
            "column": 2
          }
        },
        "line": 11
      },
      "2": {
        "name": "(anonymous_2)",
        "decl": {
          "start": {
            "line": 13,
            "column": 9
          },
          "end": {
            "line": 13,
            "column": 10
          }
        },
        "loc": {
          "start": {
            "line": 13,
            "column": 15
          },
          "end": {
            "line": 18,
            "column": 4
          }
        },
        "line": 13
      },
      "3": {
        "name": "(anonymous_3)",
        "decl": {
          "start": {
            "line": 19,
            "column": 10
          },
          "end": {
            "line": 19,
            "column": 11
          }
        },
        "loc": {
          "start": {
            "line": 19,
            "column": 21
          },
          "end": {
            "line": 22,
            "column": 4
          }
        },
        "line": 19
      },
      "4": {
        "name": "(anonymous_4)",
        "decl": {
          "start": {
            "line": 31,
            "column": 22
          },
          "end": {
            "line": 31,
            "column": 23
          }
        },
        "loc": {
          "start": {
            "line": 31,
            "column": 28
          },
          "end": {
            "line": 31,
            "column": 42
          }
        },
        "line": 31
      }
    },
    "branchMap": {},
    "s": {
      "0": 6,
      "1": 24,
      "2": 24,
      "3": 0,
      "4": 0,
      "5": 0,
      "6": 0,
      "7": 0,
      "8": 24,
      "9": 0
    },
    "f": {
      "0": 24,
      "1": 0,
      "2": 0,
      "3": 0,
      "4": 0
    },
    "b": {},
    "_coverageSchema": "1a1c01bbd47fc00a2c39e90264f33305004495a9",
    "hash": "335d37c9bebe20af7c6e57a91a3e51978b212a21"
  },
  "D:\\Escritorio\\Uni\\4\\gps\\web\\web\\components\\ruleta.js": {
    "path": "D:\\Escritorio\\Uni\\4\\gps\\web\\web\\components\\ruleta.js",
    "statementMap": {
      "0": {
        "start": {
          "line": 7,
          "column": 38
        },
        "end": {
          "line": 7,
          "column": 62
        }
      },
      "1": {
        "start": {
          "line": 8,
          "column": 56
        },
        "end": {
          "line": 8,
          "column": 71
        }
      },
      "2": {
        "start": {
          "line": 9,
          "column": 54
        },
        "end": {
          "line": 9,
          "column": 69
        }
      },
      "3": {
        "start": {
          "line": 10,
          "column": 34
        },
        "end": {
          "line": 10,
          "column": 53
        }
      },
      "4": {
        "start": {
          "line": 13,
          "column": 38
        },
        "end": {
          "line": 13,
          "column": 50
        }
      },
      "5": {
        "start": {
          "line": 16,
          "column": 54
        },
        "end": {
          "line": 19,
          "column": 6
        }
      },
      "6": {
        "start": {
          "line": 24,
          "column": 8
        },
        "end": {
          "line": 25,
          "column": 69
        }
      },
      "7": {
        "start": {
          "line": 29,
          "column": 30
        },
        "end": {
          "line": 61,
          "column": 5
        }
      },
      "8": {
        "start": {
          "line": 30,
          "column": 8
        },
        "end": {
          "line": 30,
          "column": 31
        }
      },
      "9": {
        "start": {
          "line": 31,
          "column": 8
        },
        "end": {
          "line": 34,
          "column": 11
        }
      },
      "10": {
        "start": {
          "line": 37,
          "column": 8
        },
        "end": {
          "line": 59,
          "column": 17
        }
      },
      "11": {
        "start": {
          "line": 38,
          "column": 27
        },
        "end": {
          "line": 38,
          "column": 56
        }
      },
      "12": {
        "start": {
          "line": 39,
          "column": 12
        },
        "end": {
          "line": 39,
          "column": 44
        }
      },
      "13": {
        "start": {
          "line": 40,
          "column": 12
        },
        "end": {
          "line": 40,
          "column": 32
        }
      },
      "14": {
        "start": {
          "line": 41,
          "column": 12
        },
        "end": {
          "line": 41,
          "column": 33
        }
      },
      "15": {
        "start": {
          "line": 44,
          "column": 12
        },
        "end": {
          "line": 44,
          "column": 80
        }
      },
      "16": {
        "start": {
          "line": 45,
          "column": 12
        },
        "end": {
          "line": 45,
          "column": 35
        }
      },
      "17": {
        "start": {
          "line": 48,
          "column": 36
        },
        "end": {
          "line": 50,
          "column": 13
        }
      },
      "18": {
        "start": {
          "line": 49,
          "column": 29
        },
        "end": {
          "line": 49,
          "column": 55
        }
      },
      "19": {
        "start": {
          "line": 52,
          "column": 12
        },
        "end": {
          "line": 52,
          "column": 42
        }
      },
      "20": {
        "start": {
          "line": 55,
          "column": 12
        },
        "end": {
          "line": 58,
          "column": 15
        }
      },
      "21": {
        "start": {
          "line": 63,
          "column": 4
        },
        "end": {
          "line": 69,
          "column": 5
        }
      },
      "22": {
        "start": {
          "line": 64,
          "column": 8
        },
        "end": {
          "line": 68,
          "column": 10
        }
      },
      "23": {
        "start": {
          "line": 71,
          "column": 4
        },
        "end": {
          "line": 230,
          "column": 6
        }
      },
      "24": {
        "start": {
          "line": 82,
          "column": 24
        },
        "end": {
          "line": 82,
          "column": 67
        }
      },
      "25": {
        "start": {
          "line": 92,
          "column": 28
        },
        "end": {
          "line": 118,
          "column": 45
        }
      },
      "26": {
        "start": {
          "line": 136,
          "column": 28
        },
        "end": {
          "line": 136,
          "column": 69
        }
      },
      "27": {
        "start": {
          "line": 149,
          "column": 32
        },
        "end": {
          "line": 198,
          "column": 34
        }
      },
      "28": {
        "start": {
          "line": 158,
          "column": 59
        },
        "end": {
          "line": 158,
          "column": 77
        }
      },
      "29": {
        "start": {
          "line": 161,
          "column": 52
        },
        "end": {
          "line": 194,
          "column": 69
        }
      }
    },
    "fnMap": {
      "0": {
        "name": "Ruleta",
        "decl": {
          "start": {
            "line": 5,
            "column": 9
          },
          "end": {
            "line": 5,
            "column": 15
          }
        },
        "loc": {
          "start": {
            "line": 5,
            "column": 36
          },
          "end": {
            "line": 231,
            "column": 1
          }
        },
        "line": 5
      },
      "1": {
        "name": "getInvitadoRandom",
        "decl": {
          "start": {
            "line": 23,
            "column": 13
          },
          "end": {
            "line": 23,
            "column": 30
          }
        },
        "loc": {
          "start": {
            "line": 23,
            "column": 33
          },
          "end": {
            "line": 26,
            "column": 5
          }
        },
        "line": 23
      },
      "2": {
        "name": "(anonymous_2)",
        "decl": {
          "start": {
            "line": 29,
            "column": 30
          },
          "end": {
            "line": 29,
            "column": 31
          }
        },
        "loc": {
          "start": {
            "line": 29,
            "column": 41
          },
          "end": {
            "line": 61,
            "column": 5
          }
        },
        "line": 29
      },
      "3": {
        "name": "(anonymous_3)",
        "decl": {
          "start": {
            "line": 37,
            "column": 19
          },
          "end": {
            "line": 37,
            "column": 20
          }
        },
        "loc": {
          "start": {
            "line": 37,
            "column": 25
          },
          "end": {
            "line": 59,
            "column": 9
          }
        },
        "line": 37
      },
      "4": {
        "name": "(anonymous_4)",
        "decl": {
          "start": {
            "line": 49,
            "column": 16
          },
          "end": {
            "line": 49,
            "column": 17
          }
        },
        "loc": {
          "start": {
            "line": 49,
            "column": 29
          },
          "end": {
            "line": 49,
            "column": 55
          }
        },
        "line": 49
      },
      "5": {
        "name": "(anonymous_5)",
        "decl": {
          "start": {
            "line": 81,
            "column": 29
          },
          "end": {
            "line": 81,
            "column": 30
          }
        },
        "loc": {
          "start": {
            "line": 81,
            "column": 35
          },
          "end": {
            "line": 83,
            "column": 21
          }
        },
        "line": 81
      },
      "6": {
        "name": "(anonymous_6)",
        "decl": {
          "start": {
            "line": 91,
            "column": 39
          },
          "end": {
            "line": 91,
            "column": 40
          }
        },
        "loc": {
          "start": {
            "line": 92,
            "column": 28
          },
          "end": {
            "line": 118,
            "column": 45
          }
        },
        "line": 92
      },
      "7": {
        "name": "(anonymous_7)",
        "decl": {
          "start": {
            "line": 135,
            "column": 33
          },
          "end": {
            "line": 135,
            "column": 34
          }
        },
        "loc": {
          "start": {
            "line": 135,
            "column": 39
          },
          "end": {
            "line": 137,
            "column": 25
          }
        },
        "line": 135
      },
      "8": {
        "name": "(anonymous_8)",
        "decl": {
          "start": {
            "line": 148,
            "column": 53
          },
          "end": {
            "line": 148,
            "column": 54
          }
        },
        "loc": {
          "start": {
            "line": 148,
            "column": 65
          },
          "end": {
            "line": 199,
            "column": 29
          }
        },
        "line": 148
      },
      "9": {
        "name": "(anonymous_9)",
        "decl": {
          "start": {
            "line": 158,
            "column": 52
          },
          "end": {
            "line": 158,
            "column": 53
          }
        },
        "loc": {
          "start": {
            "line": 158,
            "column": 59
          },
          "end": {
            "line": 158,
            "column": 77
          }
        },
        "line": 158
      },
      "10": {
        "name": "(anonymous_10)",
        "decl": {
          "start": {
            "line": 160,
            "column": 53
          },
          "end": {
            "line": 160,
            "column": 54
          }
        },
        "loc": {
          "start": {
            "line": 161,
            "column": 52
          },
          "end": {
            "line": 194,
            "column": 69
          }
        },
        "line": 161
      }
    },
    "branchMap": {
      "0": {
        "loc": {
          "start": {
            "line": 63,
            "column": 4
          },
          "end": {
            "line": 69,
            "column": 5
          }
        },
        "type": "if",
        "locations": [
          {
            "start": {
              "line": 63,
              "column": 4
            },
            "end": {
              "line": 69,
              "column": 5
            }
          },
          {
            "start": {},
            "end": {}
          }
        ],
        "line": 63
      },
      "1": {
        "loc": {
          "start": {
            "line": 85,
            "column": 21
          },
          "end": {
            "line": 85,
            "column": 63
          }
        },
        "type": "cond-expr",
        "locations": [
          {
            "start": {
              "line": 85,
              "column": 42
            },
            "end": {
              "line": 85,
              "column": 51
            }
          },
          {
            "start": {
              "line": 85,
              "column": 54
            },
            "end": {
              "line": 85,
              "column": 63
            }
          }
        ],
        "line": 85
      },
      "2": {
        "loc": {
          "start": {
            "line": 89,
            "column": 17
          },
          "end": {
            "line": 121,
            "column": 17
          }
        },
        "type": "binary-expr",
        "locations": [
          {
            "start": {
              "line": 89,
              "column": 17
            },
            "end": {
              "line": 89,
              "column": 35
            }
          },
          {
            "start": {
              "line": 90,
              "column": 20
            },
            "end": {
              "line": 120,
              "column": 32
            }
          }
        ],
        "line": 89
      },
      "3": {
        "loc": {
          "start": {
            "line": 139,
            "column": 25
          },
          "end": {
            "line": 139,
            "column": 66
          }
        },
        "type": "cond-expr",
        "locations": [
          {
            "start": {
              "line": 139,
              "column": 45
            },
            "end": {
              "line": 139,
              "column": 54
            }
          },
          {
            "start": {
              "line": 139,
              "column": 57
            },
            "end": {
              "line": 139,
              "column": 66
            }
          }
        ],
        "line": 139
      },
      "4": {
        "loc": {
          "start": {
            "line": 142,
            "column": 21
          },
          "end": {
            "line": 144,
            "column": 21
          }
        },
        "type": "binary-expr",
        "locations": [
          {
            "start": {
              "line": 142,
              "column": 21
            },
            "end": {
              "line": 142,
              "column": 53
            }
          },
          {
            "start": {
              "line": 143,
              "column": 24
            },
            "end": {
              "line": 143,
              "column": 72
            }
          }
        ],
        "line": 142
      },
      "5": {
        "loc": {
          "start": {
            "line": 146,
            "column": 21
          },
          "end": {
            "line": 201,
            "column": 21
          }
        },
        "type": "binary-expr",
        "locations": [
          {
            "start": {
              "line": 146,
              "column": 21
            },
            "end": {
              "line": 146,
              "column": 38
            }
          },
          {
            "start": {
              "line": 147,
              "column": 24
            },
            "end": {
              "line": 200,
              "column": 27
            }
          }
        ],
        "line": 146
      }
    },
    "s": {
      "0": 0,
      "1": 0,
      "2": 0,
      "3": 0,
      "4": 0,
      "5": 0,
      "6": 0,
      "7": 0,
      "8": 0,
      "9": 0,
      "10": 0,
      "11": 0,
      "12": 0,
      "13": 0,
      "14": 0,
      "15": 0,
      "16": 0,
      "17": 0,
      "18": 0,
      "19": 0,
      "20": 0,
      "21": 0,
      "22": 0,
      "23": 0,
      "24": 0,
      "25": 0,
      "26": 0,
      "27": 0,
      "28": 0,
      "29": 0
    },
    "f": {
      "0": 0,
      "1": 0,
      "2": 0,
      "3": 0,
      "4": 0,
      "5": 0,
      "6": 0,
      "7": 0,
      "8": 0,
      "9": 0,
      "10": 0
    },
    "b": {
      "0": [
        0,
        0
      ],
      "1": [
        0,
        0
      ],
      "2": [
        0,
        0
      ],
      "3": [
        0,
        0
      ],
      "4": [
        0,
        0
      ],
      "5": [
        0,
        0
      ]
    },
    "_coverageSchema": "1a1c01bbd47fc00a2c39e90264f33305004495a9",
    "hash": "a7331e7c586275ff6675834a8ee7157a44ea872f"
  },
  "D:\\Escritorio\\Uni\\4\\gps\\web\\web\\components\\evento.js": {
    "path": "D:\\Escritorio\\Uni\\4\\gps\\web\\web\\components\\evento.js",
    "statementMap": {
      "0": {
        "start": {
          "line": 19,
          "column": 43
        },
        "end": {
          "line": 19,
          "column": 62
        }
      },
      "1": {
        "start": {
          "line": 20,
          "column": 45
        },
        "end": {
          "line": 20,
          "column": 60
        }
      },
      "2": {
        "start": {
          "line": 21,
          "column": 48
        },
        "end": {
          "line": 21,
          "column": 63
        }
      },
      "3": {
        "start": {
          "line": 22,
          "column": 42
        },
        "end": {
          "line": 22,
          "column": 57
        }
      },
      "4": {
        "start": {
          "line": 23,
          "column": 54
        },
        "end": {
          "line": 23,
          "column": 69
        }
      },
      "5": {
        "start": {
          "line": 24,
          "column": 46
        },
        "end": {
          "line": 24,
          "column": 61
        }
      },
      "6": {
        "start": {
          "line": 25,
          "column": 40
        },
        "end": {
          "line": 25,
          "column": 55
        }
      },
      "7": {
        "start": {
          "line": 27,
          "column": 8
        },
        "end": {
          "line": 27,
          "column": 23
        }
      },
      "8": {
        "start": {
          "line": 28,
          "column": 62
        },
        "end": {
          "line": 28,
          "column": 76
        }
      },
      "9": {
        "start": {
          "line": 35,
          "column": 23
        },
        "end": {
          "line": 45,
          "column": 5
        }
      },
      "10": {
        "start": {
          "line": 37,
          "column": 22
        },
        "end": {
          "line": 37,
          "column": 61
        }
      },
      "11": {
        "start": {
          "line": 38,
          "column": 22
        },
        "end": {
          "line": 38,
          "column": 66
        }
      },
      "12": {
        "start": {
          "line": 39,
          "column": 8
        },
        "end": {
          "line": 39,
          "column": 32
        }
      },
      "13": {
        "start": {
          "line": 40,
          "column": 8
        },
        "end": {
          "line": 42,
          "column": 9
        }
      },
      "14": {
        "start": {
          "line": 41,
          "column": 12
        },
        "end": {
          "line": 41,
          "column": 25
        }
      },
      "15": {
        "start": {
          "line": 44,
          "column": 8
        },
        "end": {
          "line": 44,
          "column": 20
        }
      },
      "16": {
        "start": {
          "line": 51,
          "column": 39
        },
        "end": {
          "line": 100,
          "column": 5
        }
      },
      "17": {
        "start": {
          "line": 52,
          "column": 8
        },
        "end": {
          "line": 52,
          "column": 33
        }
      },
      "18": {
        "start": {
          "line": 53,
          "column": 8
        },
        "end": {
          "line": 53,
          "column": 30
        }
      },
      "19": {
        "start": {
          "line": 54,
          "column": 8
        },
        "end": {
          "line": 54,
          "column": 31
        }
      },
      "20": {
        "start": {
          "line": 55,
          "column": 8
        },
        "end": {
          "line": 55,
          "column": 31
        }
      },
      "21": {
        "start": {
          "line": 56,
          "column": 23
        },
        "end": {
          "line": 56,
          "column": 52
        }
      },
      "22": {
        "start": {
          "line": 57,
          "column": 20
        },
        "end": {
          "line": 57,
          "column": 46
        }
      },
      "23": {
        "start": {
          "line": 58,
          "column": 22
        },
        "end": {
          "line": 58,
          "column": 50
        }
      },
      "24": {
        "start": {
          "line": 60,
          "column": 8
        },
        "end": {
          "line": 65,
          "column": 9
        }
      },
      "25": {
        "start": {
          "line": 61,
          "column": 12
        },
        "end": {
          "line": 61,
          "column": 48
        }
      },
      "26": {
        "start": {
          "line": 63,
          "column": 12
        },
        "end": {
          "line": 63,
          "column": 33
        }
      },
      "27": {
        "start": {
          "line": 64,
          "column": 12
        },
        "end": {
          "line": 64,
          "column": 19
        }
      },
      "28": {
        "start": {
          "line": 67,
          "column": 8
        },
        "end": {
          "line": 70,
          "column": 9
        }
      },
      "29": {
        "start": {
          "line": 67,
          "column": 39
        },
        "end": {
          "line": 67,
          "column": 52
        }
      },
      "30": {
        "start": {
          "line": 68,
          "column": 12
        },
        "end": {
          "line": 68,
          "column": 39
        }
      },
      "31": {
        "start": {
          "line": 69,
          "column": 12
        },
        "end": {
          "line": 69,
          "column": 19
        }
      },
      "32": {
        "start": {
          "line": 72,
          "column": 8
        },
        "end": {
          "line": 99,
          "column": 9
        }
      },
      "33": {
        "start": {
          "line": 73,
          "column": 24
        },
        "end": {
          "line": 82,
          "column": 14
        }
      },
      "34": {
        "start": {
          "line": 84,
          "column": 12
        },
        "end": {
          "line": 91,
          "column": 15
        }
      },
      "35": {
        "start": {
          "line": 93,
          "column": 12
        },
        "end": {
          "line": 93,
          "column": 49
        }
      },
      "36": {
        "start": {
          "line": 94,
          "column": 12
        },
        "end": {
          "line": 94,
          "column": 46
        }
      },
      "37": {
        "start": {
          "line": 95,
          "column": 12
        },
        "end": {
          "line": 95,
          "column": 48
        }
      },
      "38": {
        "start": {
          "line": 96,
          "column": 12
        },
        "end": {
          "line": 96,
          "column": 40
        }
      },
      "39": {
        "start": {
          "line": 98,
          "column": 12
        },
        "end": {
          "line": 98,
          "column": 56
        }
      },
      "40": {
        "start": {
          "line": 104,
          "column": 35
        },
        "end": {
          "line": 108,
          "column": 5
        }
      },
      "41": {
        "start": {
          "line": 105,
          "column": 8
        },
        "end": {
          "line": 105,
          "column": 40
        }
      },
      "42": {
        "start": {
          "line": 106,
          "column": 8
        },
        "end": {
          "line": 106,
          "column": 32
        }
      },
      "43": {
        "start": {
          "line": 107,
          "column": 8
        },
        "end": {
          "line": 107,
          "column": 42
        }
      },
      "44": {
        "start": {
          "line": 113,
          "column": 44
        },
        "end": {
          "line": 130,
          "column": 5
        }
      },
      "45": {
        "start": {
          "line": 114,
          "column": 8
        },
        "end": {
          "line": 114,
          "column": 51
        }
      },
      "46": {
        "start": {
          "line": 114,
          "column": 44
        },
        "end": {
          "line": 114,
          "column": 51
        }
      },
      "47": {
        "start": {
          "line": 115,
          "column": 32
        },
        "end": {
          "line": 115,
          "column": 51
        }
      },
      "48": {
        "start": {
          "line": 116,
          "column": 8
        },
        "end": {
          "line": 116,
          "column": 57
        }
      },
      "49": {
        "start": {
          "line": 117,
          "column": 8
        },
        "end": {
          "line": 126,
          "column": 9
        }
      },
      "50": {
        "start": {
          "line": 118,
          "column": 24
        },
        "end": {
          "line": 120,
          "column": 14
        }
      },
      "51": {
        "start": {
          "line": 122,
          "column": 12
        },
        "end": {
          "line": 122,
          "column": 47
        }
      },
      "52": {
        "start": {
          "line": 125,
          "column": 12
        },
        "end": {
          "line": 125,
          "column": 56
        }
      },
      "53": {
        "start": {
          "line": 127,
          "column": 8
        },
        "end": {
          "line": 127,
          "column": 39
        }
      },
      "54": {
        "start": {
          "line": 128,
          "column": 8
        },
        "end": {
          "line": 128,
          "column": 43
        }
      },
      "55": {
        "start": {
          "line": 129,
          "column": 8
        },
        "end": {
          "line": 129,
          "column": 31
        }
      },
      "56": {
        "start": {
          "line": 135,
          "column": 27
        },
        "end": {
          "line": 188,
          "column": 5
        }
      },
      "57": {
        "start": {
          "line": 136,
          "column": 8
        },
        "end": {
          "line": 187,
          "column": 14
        }
      },
      "58": {
        "start": {
          "line": 137,
          "column": 12
        },
        "end": {
          "line": 181,
          "column": 14
        }
      },
      "59": {
        "start": {
          "line": 140,
          "column": 24
        },
        "end": {
          "line": 178,
          "column": 26
        }
      },
      "60": {
        "start": {
          "line": 169,
          "column": 48
        },
        "end": {
          "line": 169,
          "column": 77
        }
      },
      "61": {
        "start": {
          "line": 183,
          "column": 12
        },
        "end": {
          "line": 187,
          "column": 14
        }
      },
      "62": {
        "start": {
          "line": 190,
          "column": 4
        },
        "end": {
          "line": 396,
          "column": 6
        }
      },
      "63": {
        "start": {
          "line": 197,
          "column": 20
        },
        "end": {
          "line": 197,
          "column": 45
        }
      },
      "64": {
        "start": {
          "line": 198,
          "column": 20
        },
        "end": {
          "line": 198,
          "column": 42
        }
      },
      "65": {
        "start": {
          "line": 199,
          "column": 20
        },
        "end": {
          "line": 199,
          "column": 43
        }
      },
      "66": {
        "start": {
          "line": 200,
          "column": 20
        },
        "end": {
          "line": 200,
          "column": 48
        }
      },
      "67": {
        "start": {
          "line": 201,
          "column": 20
        },
        "end": {
          "line": 201,
          "column": 44
        }
      },
      "68": {
        "start": {
          "line": 288,
          "column": 20
        },
        "end": {
          "line": 288,
          "column": 41
        }
      },
      "69": {
        "start": {
          "line": 305,
          "column": 20
        },
        "end": {
          "line": 305,
          "column": 55
        }
      },
      "70": {
        "start": {
          "line": 322,
          "column": 28
        },
        "end": {
          "line": 322,
          "column": 63
        }
      },
      "71": {
        "start": {
          "line": 323,
          "column": 28
        },
        "end": {
          "line": 323,
          "column": 51
        }
      },
      "72": {
        "start": {
          "line": 357,
          "column": 32
        },
        "end": {
          "line": 357,
          "column": 55
        }
      },
      "73": {
        "start": {
          "line": 368,
          "column": 32
        },
        "end": {
          "line": 368,
          "column": 52
        }
      }
    },
    "fnMap": {
      "0": {
        "name": "Evento",
        "decl": {
          "start": {
            "line": 9,
            "column": 9
          },
          "end": {
            "line": 9,
            "column": 15
          }
        },
        "loc": {
          "start": {
            "line": 18,
            "column": 3
          },
          "end": {
            "line": 397,
            "column": 1
          }
        },
        "line": 18
      },
      "1": {
        "name": "(anonymous_1)",
        "decl": {
          "start": {
            "line": 35,
            "column": 23
          },
          "end": {
            "line": 35,
            "column": 24
          }
        },
        "loc": {
          "start": {
            "line": 35,
            "column": 32
          },
          "end": {
            "line": 45,
            "column": 5
          }
        },
        "line": 35
      },
      "2": {
        "name": "(anonymous_2)",
        "decl": {
          "start": {
            "line": 51,
            "column": 39
          },
          "end": {
            "line": 51,
            "column": 40
          }
        },
        "loc": {
          "start": {
            "line": 51,
            "column": 56
          },
          "end": {
            "line": 100,
            "column": 5
          }
        },
        "line": 51
      },
      "3": {
        "name": "(anonymous_3)",
        "decl": {
          "start": {
            "line": 67,
            "column": 32
          },
          "end": {
            "line": 67,
            "column": 33
          }
        },
        "loc": {
          "start": {
            "line": 67,
            "column": 39
          },
          "end": {
            "line": 67,
            "column": 52
          }
        },
        "line": 67
      },
      "4": {
        "name": "(anonymous_4)",
        "decl": {
          "start": {
            "line": 104,
            "column": 35
          },
          "end": {
            "line": 104,
            "column": 36
          }
        },
        "loc": {
          "start": {
            "line": 104,
            "column": 52
          },
          "end": {
            "line": 108,
            "column": 5
          }
        },
        "line": 104
      },
      "5": {
        "name": "(anonymous_5)",
        "decl": {
          "start": {
            "line": 113,
            "column": 44
          },
          "end": {
            "line": 113,
            "column": 45
          }
        },
        "loc": {
          "start": {
            "line": 113,
            "column": 56
          },
          "end": {
            "line": 130,
            "column": 5
          }
        },
        "line": 113
      },
      "6": {
        "name": "(anonymous_6)",
        "decl": {
          "start": {
            "line": 135,
            "column": 27
          },
          "end": {
            "line": 135,
            "column": 28
          }
        },
        "loc": {
          "start": {
            "line": 135,
            "column": 33
          },
          "end": {
            "line": 188,
            "column": 5
          }
        },
        "line": 135
      },
      "7": {
        "name": "(anonymous_7)",
        "decl": {
          "start": {
            "line": 139,
            "column": 40
          },
          "end": {
            "line": 139,
            "column": 41
          }
        },
        "loc": {
          "start": {
            "line": 139,
            "column": 61
          },
          "end": {
            "line": 179,
            "column": 21
          }
        },
        "line": 139
      },
      "8": {
        "name": "(anonymous_8)",
        "decl": {
          "start": {
            "line": 168,
            "column": 53
          },
          "end": {
            "line": 168,
            "column": 54
          }
        },
        "loc": {
          "start": {
            "line": 169,
            "column": 48
          },
          "end": {
            "line": 169,
            "column": 77
          }
        },
        "line": 169
      },
      "9": {
        "name": "(anonymous_9)",
        "decl": {
          "start": {
            "line": 196,
            "column": 24
          },
          "end": {
            "line": 196,
            "column": 25
          }
        },
        "loc": {
          "start": {
            "line": 196,
            "column": 30
          },
          "end": {
            "line": 202,
            "column": 17
          }
        },
        "line": 196
      },
      "10": {
        "name": "(anonymous_10)",
        "decl": {
          "start": {
            "line": 287,
            "column": 24
          },
          "end": {
            "line": 287,
            "column": 25
          }
        },
        "loc": {
          "start": {
            "line": 287,
            "column": 30
          },
          "end": {
            "line": 289,
            "column": 17
          }
        },
        "line": 287
      },
      "11": {
        "name": "(anonymous_11)",
        "decl": {
          "start": {
            "line": 304,
            "column": 24
          },
          "end": {
            "line": 304,
            "column": 25
          }
        },
        "loc": {
          "start": {
            "line": 304,
            "column": 30
          },
          "end": {
            "line": 306,
            "column": 17
          }
        },
        "line": 304
      },
      "12": {
        "name": "(anonymous_12)",
        "decl": {
          "start": {
            "line": 321,
            "column": 33
          },
          "end": {
            "line": 321,
            "column": 34
          }
        },
        "loc": {
          "start": {
            "line": 321,
            "column": 39
          },
          "end": {
            "line": 324,
            "column": 25
          }
        },
        "line": 321
      },
      "13": {
        "name": "(anonymous_13)",
        "decl": {
          "start": {
            "line": 356,
            "column": 37
          },
          "end": {
            "line": 356,
            "column": 38
          }
        },
        "loc": {
          "start": {
            "line": 356,
            "column": 43
          },
          "end": {
            "line": 358,
            "column": 29
          }
        },
        "line": 356
      },
      "14": {
        "name": "(anonymous_14)",
        "decl": {
          "start": {
            "line": 367,
            "column": 37
          },
          "end": {
            "line": 367,
            "column": 38
          }
        },
        "loc": {
          "start": {
            "line": 367,
            "column": 43
          },
          "end": {
            "line": 369,
            "column": 29
          }
        },
        "line": 367
      }
    },
    "branchMap": {
      "0": {
        "loc": {
          "start": {
            "line": 40,
            "column": 8
          },
          "end": {
            "line": 42,
            "column": 9
          }
        },
        "type": "if",
        "locations": [
          {
            "start": {
              "line": 40,
              "column": 8
            },
            "end": {
              "line": 42,
              "column": 9
            }
          },
          {
            "start": {},
            "end": {}
          }
        ],
        "line": 40
      },
      "1": {
        "loc": {
          "start": {
            "line": 40,
            "column": 12
          },
          "end": {
            "line": 40,
            "column": 52
          }
        },
        "type": "binary-expr",
        "locations": [
          {
            "start": {
              "line": 40,
              "column": 12
            },
            "end": {
              "line": 40,
              "column": 30
            }
          },
          {
            "start": {
              "line": 40,
              "column": 34
            },
            "end": {
              "line": 40,
              "column": 52
            }
          }
        ],
        "line": 40
      },
      "2": {
        "loc": {
          "start": {
            "line": 60,
            "column": 8
          },
          "end": {
            "line": 65,
            "column": 9
          }
        },
        "type": "if",
        "locations": [
          {
            "start": {
              "line": 60,
              "column": 8
            },
            "end": {
              "line": 65,
              "column": 9
            }
          },
          {
            "start": {
              "line": 62,
              "column": 15
            },
            "end": {
              "line": 65,
              "column": 9
            }
          }
        ],
        "line": 60
      },
      "3": {
        "loc": {
          "start": {
            "line": 67,
            "column": 8
          },
          "end": {
            "line": 70,
            "column": 9
          }
        },
        "type": "if",
        "locations": [
          {
            "start": {
              "line": 67,
              "column": 8
            },
            "end": {
              "line": 70,
              "column": 9
            }
          },
          {
            "start": {},
            "end": {}
          }
        ],
        "line": 67
      },
      "4": {
        "loc": {
          "start": {
            "line": 114,
            "column": 8
          },
          "end": {
            "line": 114,
            "column": 51
          }
        },
        "type": "if",
        "locations": [
          {
            "start": {
              "line": 114,
              "column": 8
            },
            "end": {
              "line": 114,
              "column": 51
            }
          },
          {
            "start": {},
            "end": {}
          }
        ],
        "line": 114
      },
      "5": {
        "loc": {
          "start": {
            "line": 136,
            "column": 8
          },
          "end": {
            "line": 187,
            "column": 14
          }
        },
        "type": "if",
        "locations": [
          {
            "start": {
              "line": 136,
              "column": 8
            },
            "end": {
              "line": 187,
              "column": 14
            }
          },
          {
            "start": {
              "line": 183,
              "column": 12
            },
            "end": {
              "line": 187,
              "column": 14
            }
          }
        ],
        "line": 136
      },
      "6": {
        "loc": {
          "start": {
            "line": 263,
            "column": 29
          },
          "end": {
            "line": 267,
            "column": 29
          }
        },
        "type": "binary-expr",
        "locations": [
          {
            "start": {
              "line": 263,
              "column": 29
            },
            "end": {
              "line": 263,
              "column": 46
            }
          },
          {
            "start": {
              "line": 264,
              "column": 32
            },
            "end": {
              "line": 266,
              "column": 36
            }
          }
        ],
        "line": 263
      }
    },
    "s": {
      "0": 70,
      "1": 70,
      "2": 70,
      "3": 70,
      "4": 70,
      "5": 70,
      "6": 70,
      "7": 70,
      "8": 70,
      "9": 70,
      "10": 1,
      "11": 1,
      "12": 1,
      "13": 1,
      "14": 1,
      "15": 0,
      "16": 70,
      "17": 1,
      "18": 1,
      "19": 1,
      "20": 1,
      "21": 1,
      "22": 1,
      "23": 1,
      "24": 1,
      "25": 0,
      "26": 1,
      "27": 1,
      "28": 0,
      "29": 0,
      "30": 0,
      "31": 0,
      "32": 0,
      "33": 0,
      "34": 0,
      "35": 0,
      "36": 0,
      "37": 0,
      "38": 0,
      "39": 0,
      "40": 70,
      "41": 0,
      "42": 0,
      "43": 0,
      "44": 70,
      "45": 0,
      "46": 0,
      "47": 0,
      "48": 0,
      "49": 0,
      "50": 0,
      "51": 0,
      "52": 0,
      "53": 0,
      "54": 0,
      "55": 0,
      "56": 70,
      "57": 70,
      "58": 12,
      "59": 24,
      "60": 0,
      "61": 58,
      "62": 70,
      "63": 0,
      "64": 0,
      "65": 0,
      "66": 0,
      "67": 0,
      "68": 0,
      "69": 0,
      "70": 0,
      "71": 0,
      "72": 5,
      "73": 0
    },
    "f": {
      "0": 70,
      "1": 1,
      "2": 1,
      "3": 0,
      "4": 0,
      "5": 0,
      "6": 70,
      "7": 24,
      "8": 0,
      "9": 0,
      "10": 0,
      "11": 0,
      "12": 0,
      "13": 5,
      "14": 0
    },
    "b": {
      "0": [
        1,
        0
      ],
      "1": [
        1,
        1
      ],
      "2": [
        0,
        1
      ],
      "3": [
        0,
        0
      ],
      "4": [
        0,
        0
      ],
      "5": [
        12,
        58
      ],
      "6": [
        70,
        0
      ]
    },
    "_coverageSchema": "1a1c01bbd47fc00a2c39e90264f33305004495a9",
    "hash": "0d3155b4c1137acdf7444a2e93b88f1fc7e5f0e5"
  },
  "D:\\Escritorio\\Uni\\4\\gps\\web\\web\\pages\\eventos.js": {
    "path": "D:\\Escritorio\\Uni\\4\\gps\\web\\web\\pages\\eventos.js",
    "statementMap": {
      "0": {
        "start": {
          "line": 18,
          "column": 45
        },
        "end": {
          "line": 18,
          "column": 60
        }
      },
      "1": {
        "start": {
          "line": 20,
          "column": 53
        },
        "end": {
          "line": 20,
          "column": 68
        }
      },
      "2": {
        "start": {
          "line": 22,
          "column": 49
        },
        "end": {
          "line": 22,
          "column": 64
        }
      },
      "3": {
        "start": {
          "line": 23,
          "column": 53
        },
        "end": {
          "line": 23,
          "column": 67
        }
      },
      "4": {
        "start": {
          "line": 24,
          "column": 53
        },
        "end": {
          "line": 24,
          "column": 67
        }
      },
      "5": {
        "start": {
          "line": 26,
          "column": 31
        },
        "end": {
          "line": 26,
          "column": 43
        }
      },
      "6": {
        "start": {
          "line": 28,
          "column": 27
        },
        "end": {
          "line": 28,
          "column": 41
        }
      },
      "7": {
        "start": {
          "line": 29,
          "column": 37
        },
        "end": {
          "line": 29,
          "column": 51
        }
      },
      "8": {
        "start": {
          "line": 31,
          "column": 33
        },
        "end": {
          "line": 31,
          "column": 45
        }
      },
      "9": {
        "start": {
          "line": 34,
          "column": 39
        },
        "end": {
          "line": 41,
          "column": 3
        }
      },
      "10": {
        "start": {
          "line": 43,
          "column": 43
        },
        "end": {
          "line": 43,
          "column": 55
        }
      },
      "11": {
        "start": {
          "line": 48,
          "column": 22
        },
        "end": {
          "line": 90,
          "column": 2
        }
      },
      "12": {
        "start": {
          "line": 49,
          "column": 26
        },
        "end": {
          "line": 49,
          "column": 66
        }
      },
      "13": {
        "start": {
          "line": 51,
          "column": 23
        },
        "end": {
          "line": 76,
          "column": 4
        }
      },
      "14": {
        "start": {
          "line": 52,
          "column": 3
        },
        "end": {
          "line": 75,
          "column": 5
        }
      },
      "15": {
        "start": {
          "line": 66,
          "column": 7
        },
        "end": {
          "line": 72,
          "column": 9
        }
      },
      "16": {
        "start": {
          "line": 78,
          "column": 2
        },
        "end": {
          "line": 78,
          "column": 64
        }
      },
      "17": {
        "start": {
          "line": 78,
          "column": 30
        },
        "end": {
          "line": 78,
          "column": 62
        }
      },
      "18": {
        "start": {
          "line": 81,
          "column": 27
        },
        "end": {
          "line": 88,
          "column": 4
        }
      },
      "19": {
        "start": {
          "line": 82,
          "column": 23
        },
        "end": {
          "line": 82,
          "column": 36
        }
      },
      "20": {
        "start": {
          "line": 83,
          "column": 21
        },
        "end": {
          "line": 83,
          "column": 43
        }
      },
      "21": {
        "start": {
          "line": 85,
          "column": 19
        },
        "end": {
          "line": 85,
          "column": 69
        }
      },
      "22": {
        "start": {
          "line": 86,
          "column": 3
        },
        "end": {
          "line": 86,
          "column": 70
        }
      },
      "23": {
        "start": {
          "line": 87,
          "column": 3
        },
        "end": {
          "line": 87,
          "column": 22
        }
      },
      "24": {
        "start": {
          "line": 89,
          "column": 2
        },
        "end": {
          "line": 89,
          "column": 31
        }
      },
      "25": {
        "start": {
          "line": 93,
          "column": 30
        },
        "end": {
          "line": 103,
          "column": 2
        }
      },
      "26": {
        "start": {
          "line": 94,
          "column": 2
        },
        "end": {
          "line": 100,
          "column": 3
        }
      },
      "27": {
        "start": {
          "line": 95,
          "column": 14
        },
        "end": {
          "line": 95,
          "column": 44
        }
      },
      "28": {
        "start": {
          "line": 96,
          "column": 25
        },
        "end": {
          "line": 96,
          "column": 37
        }
      },
      "29": {
        "start": {
          "line": 97,
          "column": 3
        },
        "end": {
          "line": 97,
          "column": 47
        }
      },
      "30": {
        "start": {
          "line": 98,
          "column": 3
        },
        "end": {
          "line": 98,
          "column": 43
        }
      },
      "31": {
        "start": {
          "line": 99,
          "column": 3
        },
        "end": {
          "line": 99,
          "column": 29
        }
      },
      "32": {
        "start": {
          "line": 101,
          "column": 2
        },
        "end": {
          "line": 101,
          "column": 30
        }
      },
      "33": {
        "start": {
          "line": 102,
          "column": 2
        },
        "end": {
          "line": 102,
          "column": 29
        }
      },
      "34": {
        "start": {
          "line": 106,
          "column": 30
        },
        "end": {
          "line": 109,
          "column": 2
        }
      },
      "35": {
        "start": {
          "line": 107,
          "column": 2
        },
        "end": {
          "line": 107,
          "column": 31
        }
      },
      "36": {
        "start": {
          "line": 108,
          "column": 2
        },
        "end": {
          "line": 108,
          "column": 28
        }
      },
      "37": {
        "start": {
          "line": 112,
          "column": 20
        },
        "end": {
          "line": 112,
          "column": 49
        }
      },
      "38": {
        "start": {
          "line": 112,
          "column": 26
        },
        "end": {
          "line": 112,
          "column": 49
        }
      },
      "39": {
        "start": {
          "line": 116,
          "column": 26
        },
        "end": {
          "line": 127,
          "column": 2
        }
      },
      "40": {
        "start": {
          "line": 117,
          "column": 2
        },
        "end": {
          "line": 117,
          "column": 27
        }
      },
      "41": {
        "start": {
          "line": 119,
          "column": 2
        },
        "end": {
          "line": 125,
          "column": 5
        }
      },
      "42": {
        "start": {
          "line": 126,
          "column": 2
        },
        "end": {
          "line": 126,
          "column": 15
        }
      },
      "43": {
        "start": {
          "line": 130,
          "column": 22
        },
        "end": {
          "line": 184,
          "column": 2
        }
      },
      "44": {
        "start": {
          "line": 131,
          "column": 21
        },
        "end": {
          "line": 131,
          "column": 42
        }
      },
      "45": {
        "start": {
          "line": 133,
          "column": 2
        },
        "end": {
          "line": 136,
          "column": 3
        }
      },
      "46": {
        "start": {
          "line": 134,
          "column": 3
        },
        "end": {
          "line": 134,
          "column": 48
        }
      },
      "47": {
        "start": {
          "line": 135,
          "column": 3
        },
        "end": {
          "line": 135,
          "column": 10
        }
      },
      "48": {
        "start": {
          "line": 138,
          "column": 22
        },
        "end": {
          "line": 138,
          "column": 38
        }
      },
      "49": {
        "start": {
          "line": 139,
          "column": 23
        },
        "end": {
          "line": 139,
          "column": 47
        }
      },
      "50": {
        "start": {
          "line": 140,
          "column": 23
        },
        "end": {
          "line": 140,
          "column": 47
        }
      },
      "51": {
        "start": {
          "line": 141,
          "column": 23
        },
        "end": {
          "line": 141,
          "column": 47
        }
      },
      "52": {
        "start": {
          "line": 143,
          "column": 18
        },
        "end": {
          "line": 143,
          "column": 48
        }
      },
      "53": {
        "start": {
          "line": 143,
          "column": 24
        },
        "end": {
          "line": 143,
          "column": 48
        }
      },
      "54": {
        "start": {
          "line": 144,
          "column": 19
        },
        "end": {
          "line": 144,
          "column": 50
        }
      },
      "55": {
        "start": {
          "line": 144,
          "column": 25
        },
        "end": {
          "line": 144,
          "column": 50
        }
      },
      "56": {
        "start": {
          "line": 145,
          "column": 17
        },
        "end": {
          "line": 145,
          "column": 43
        }
      },
      "57": {
        "start": {
          "line": 145,
          "column": 23
        },
        "end": {
          "line": 145,
          "column": 43
        }
      },
      "58": {
        "start": {
          "line": 147,
          "column": 20
        },
        "end": {
          "line": 147,
          "column": 29
        }
      },
      "59": {
        "start": {
          "line": 148,
          "column": 20
        },
        "end": {
          "line": 148,
          "column": 30
        }
      },
      "60": {
        "start": {
          "line": 149,
          "column": 20
        },
        "end": {
          "line": 149,
          "column": 28
        }
      },
      "61": {
        "start": {
          "line": 151,
          "column": 2
        },
        "end": {
          "line": 183,
          "column": 3
        }
      },
      "62": {
        "start": {
          "line": 152,
          "column": 3
        },
        "end": {
          "line": 152,
          "column": 15
        }
      },
      "63": {
        "start": {
          "line": 153,
          "column": 9
        },
        "end": {
          "line": 183,
          "column": 3
        }
      },
      "64": {
        "start": {
          "line": 155,
          "column": 3
        },
        "end": {
          "line": 177,
          "column": 4
        }
      },
      "65": {
        "start": {
          "line": 156,
          "column": 4
        },
        "end": {
          "line": 156,
          "column": 16
        }
      },
      "66": {
        "start": {
          "line": 157,
          "column": 10
        },
        "end": {
          "line": 177,
          "column": 4
        }
      },
      "67": {
        "start": {
          "line": 159,
          "column": 4
        },
        "end": {
          "line": 171,
          "column": 5
        }
      },
      "68": {
        "start": {
          "line": 160,
          "column": 5
        },
        "end": {
          "line": 162,
          "column": 7
        }
      },
      "69": {
        "start": {
          "line": 163,
          "column": 5
        },
        "end": {
          "line": 163,
          "column": 18
        }
      },
      "70": {
        "start": {
          "line": 164,
          "column": 11
        },
        "end": {
          "line": 171,
          "column": 5
        }
      },
      "71": {
        "start": {
          "line": 165,
          "column": 5
        },
        "end": {
          "line": 165,
          "column": 17
        }
      },
      "72": {
        "start": {
          "line": 167,
          "column": 5
        },
        "end": {
          "line": 169,
          "column": 7
        }
      },
      "73": {
        "start": {
          "line": 170,
          "column": 5
        },
        "end": {
          "line": 170,
          "column": 18
        }
      },
      "74": {
        "start": {
          "line": 173,
          "column": 4
        },
        "end": {
          "line": 175,
          "column": 6
        }
      },
      "75": {
        "start": {
          "line": 176,
          "column": 4
        },
        "end": {
          "line": 176,
          "column": 17
        }
      },
      "76": {
        "start": {
          "line": 179,
          "column": 3
        },
        "end": {
          "line": 181,
          "column": 5
        }
      },
      "77": {
        "start": {
          "line": 182,
          "column": 3
        },
        "end": {
          "line": 182,
          "column": 16
        }
      },
      "78": {
        "start": {
          "line": 187,
          "column": 27
        },
        "end": {
          "line": 257,
          "column": 2
        }
      },
      "79": {
        "start": {
          "line": 188,
          "column": 2
        },
        "end": {
          "line": 188,
          "column": 21
        }
      },
      "80": {
        "start": {
          "line": 191,
          "column": 2
        },
        "end": {
          "line": 200,
          "column": 3
        }
      },
      "81": {
        "start": {
          "line": 198,
          "column": 3
        },
        "end": {
          "line": 198,
          "column": 49
        }
      },
      "82": {
        "start": {
          "line": 199,
          "column": 3
        },
        "end": {
          "line": 199,
          "column": 10
        }
      },
      "83": {
        "start": {
          "line": 202,
          "column": 2
        },
        "end": {
          "line": 205,
          "column": 3
        }
      },
      "84": {
        "start": {
          "line": 203,
          "column": 3
        },
        "end": {
          "line": 203,
          "column": 16
        }
      },
      "85": {
        "start": {
          "line": 204,
          "column": 3
        },
        "end": {
          "line": 204,
          "column": 10
        }
      },
      "86": {
        "start": {
          "line": 210,
          "column": 19
        },
        "end": {
          "line": 210,
          "column": 36
        }
      },
      "87": {
        "start": {
          "line": 211,
          "column": 20
        },
        "end": {
          "line": 211,
          "column": 38
        }
      },
      "88": {
        "start": {
          "line": 212,
          "column": 18
        },
        "end": {
          "line": 212,
          "column": 68
        }
      },
      "89": {
        "start": {
          "line": 213,
          "column": 26
        },
        "end": {
          "line": 213,
          "column": 72
        }
      },
      "90": {
        "start": {
          "line": 215,
          "column": 26
        },
        "end": {
          "line": 220,
          "column": 3
        }
      },
      "91": {
        "start": {
          "line": 217,
          "column": 4
        },
        "end": {
          "line": 219,
          "column": 46
        }
      },
      "92": {
        "start": {
          "line": 221,
          "column": 2
        },
        "end": {
          "line": 224,
          "column": 3
        }
      },
      "93": {
        "start": {
          "line": 222,
          "column": 3
        },
        "end": {
          "line": 222,
          "column": 56
        }
      },
      "94": {
        "start": {
          "line": 223,
          "column": 3
        },
        "end": {
          "line": 223,
          "column": 10
        }
      },
      "95": {
        "start": {
          "line": 227,
          "column": 2
        },
        "end": {
          "line": 256,
          "column": 3
        }
      },
      "96": {
        "start": {
          "line": 228,
          "column": 18
        },
        "end": {
          "line": 234,
          "column": 5
        }
      },
      "97": {
        "start": {
          "line": 237,
          "column": 21
        },
        "end": {
          "line": 237,
          "column": 48
        }
      },
      "98": {
        "start": {
          "line": 238,
          "column": 19
        },
        "end": {
          "line": 238,
          "column": 69
        }
      },
      "99": {
        "start": {
          "line": 239,
          "column": 27
        },
        "end": {
          "line": 242,
          "column": 4
        }
      },
      "100": {
        "start": {
          "line": 243,
          "column": 3
        },
        "end": {
          "line": 243,
          "column": 39
        }
      },
      "101": {
        "start": {
          "line": 244,
          "column": 28
        },
        "end": {
          "line": 247,
          "column": 4
        }
      },
      "102": {
        "start": {
          "line": 249,
          "column": 3
        },
        "end": {
          "line": 249,
          "column": 46
        }
      },
      "103": {
        "start": {
          "line": 250,
          "column": 3
        },
        "end": {
          "line": 250,
          "column": 22
        }
      },
      "104": {
        "start": {
          "line": 251,
          "column": 3
        },
        "end": {
          "line": 251,
          "column": 23
        }
      },
      "105": {
        "start": {
          "line": 252,
          "column": 3
        },
        "end": {
          "line": 252,
          "column": 18
        }
      },
      "106": {
        "start": {
          "line": 254,
          "column": 3
        },
        "end": {
          "line": 254,
          "column": 47
        }
      },
      "107": {
        "start": {
          "line": 255,
          "column": 3
        },
        "end": {
          "line": 255,
          "column": 10
        }
      },
      "108": {
        "start": {
          "line": 260,
          "column": 31
        },
        "end": {
          "line": 315,
          "column": 2
        }
      },
      "109": {
        "start": {
          "line": 261,
          "column": 2
        },
        "end": {
          "line": 261,
          "column": 21
        }
      },
      "110": {
        "start": {
          "line": 263,
          "column": 2
        },
        "end": {
          "line": 272,
          "column": 3
        }
      },
      "111": {
        "start": {
          "line": 270,
          "column": 3
        },
        "end": {
          "line": 270,
          "column": 49
        }
      },
      "112": {
        "start": {
          "line": 271,
          "column": 3
        },
        "end": {
          "line": 271,
          "column": 10
        }
      },
      "113": {
        "start": {
          "line": 274,
          "column": 2
        },
        "end": {
          "line": 277,
          "column": 3
        }
      },
      "114": {
        "start": {
          "line": 275,
          "column": 3
        },
        "end": {
          "line": 275,
          "column": 16
        }
      },
      "115": {
        "start": {
          "line": 276,
          "column": 3
        },
        "end": {
          "line": 276,
          "column": 10
        }
      },
      "116": {
        "start": {
          "line": 280,
          "column": 19
        },
        "end": {
          "line": 280,
          "column": 38
        }
      },
      "117": {
        "start": {
          "line": 281,
          "column": 20
        },
        "end": {
          "line": 281,
          "column": 38
        }
      },
      "118": {
        "start": {
          "line": 282,
          "column": 18
        },
        "end": {
          "line": 282,
          "column": 68
        }
      },
      "119": {
        "start": {
          "line": 283,
          "column": 26
        },
        "end": {
          "line": 283,
          "column": 72
        }
      },
      "120": {
        "start": {
          "line": 286,
          "column": 26
        },
        "end": {
          "line": 291,
          "column": 3
        }
      },
      "121": {
        "start": {
          "line": 288,
          "column": 4
        },
        "end": {
          "line": 290,
          "column": 48
        }
      },
      "122": {
        "start": {
          "line": 292,
          "column": 2
        },
        "end": {
          "line": 295,
          "column": 3
        }
      },
      "123": {
        "start": {
          "line": 293,
          "column": 3
        },
        "end": {
          "line": 293,
          "column": 56
        }
      },
      "124": {
        "start": {
          "line": 294,
          "column": 3
        },
        "end": {
          "line": 294,
          "column": 10
        }
      },
      "125": {
        "start": {
          "line": 297,
          "column": 2
        },
        "end": {
          "line": 313,
          "column": 3
        }
      },
      "126": {
        "start": {
          "line": 298,
          "column": 15
        },
        "end": {
          "line": 303,
          "column": 5
        }
      },
      "127": {
        "start": {
          "line": 305,
          "column": 3
        },
        "end": {
          "line": 305,
          "column": 24
        }
      },
      "128": {
        "start": {
          "line": 306,
          "column": 3
        },
        "end": {
          "line": 306,
          "column": 32
        }
      },
      "129": {
        "start": {
          "line": 307,
          "column": 3
        },
        "end": {
          "line": 307,
          "column": 31
        }
      },
      "130": {
        "start": {
          "line": 308,
          "column": 3
        },
        "end": {
          "line": 308,
          "column": 23
        }
      },
      "131": {
        "start": {
          "line": 309,
          "column": 3
        },
        "end": {
          "line": 309,
          "column": 18
        }
      },
      "132": {
        "start": {
          "line": 311,
          "column": 3
        },
        "end": {
          "line": 311,
          "column": 47
        }
      },
      "133": {
        "start": {
          "line": 312,
          "column": 3
        },
        "end": {
          "line": 312,
          "column": 10
        }
      },
      "134": {
        "start": {
          "line": 319,
          "column": 1
        },
        "end": {
          "line": 321,
          "column": 8
        }
      },
      "135": {
        "start": {
          "line": 320,
          "column": 2
        },
        "end": {
          "line": 320,
          "column": 17
        }
      },
      "136": {
        "start": {
          "line": 323,
          "column": 1
        },
        "end": {
          "line": 668,
          "column": 3
        }
      },
      "137": {
        "start": {
          "line": 340,
          "column": 10
        },
        "end": {
          "line": 340,
          "column": 37
        }
      },
      "138": {
        "start": {
          "line": 361,
          "column": 8
        },
        "end": {
          "line": 361,
          "column": 37
        }
      },
      "139": {
        "start": {
          "line": 362,
          "column": 8
        },
        "end": {
          "line": 362,
          "column": 26
        }
      },
      "140": {
        "start": {
          "line": 363,
          "column": 8
        },
        "end": {
          "line": 363,
          "column": 23
        }
      },
      "141": {
        "start": {
          "line": 386,
          "column": 12
        },
        "end": {
          "line": 389,
          "column": 14
        }
      },
      "142": {
        "start": {
          "line": 406,
          "column": 12
        },
        "end": {
          "line": 409,
          "column": 14
        }
      },
      "143": {
        "start": {
          "line": 432,
          "column": 12
        },
        "end": {
          "line": 435,
          "column": 14
        }
      },
      "144": {
        "start": {
          "line": 453,
          "column": 12
        },
        "end": {
          "line": 456,
          "column": 14
        }
      },
      "145": {
        "start": {
          "line": 482,
          "column": 21
        },
        "end": {
          "line": 482,
          "column": 47
        }
      },
      "146": {
        "start": {
          "line": 495,
          "column": 24
        },
        "end": {
          "line": 495,
          "column": 50
        }
      },
      "147": {
        "start": {
          "line": 534,
          "column": 12
        },
        "end": {
          "line": 537,
          "column": 14
        }
      },
      "148": {
        "start": {
          "line": 554,
          "column": 12
        },
        "end": {
          "line": 557,
          "column": 14
        }
      },
      "149": {
        "start": {
          "line": 580,
          "column": 12
        },
        "end": {
          "line": 583,
          "column": 14
        }
      },
      "150": {
        "start": {
          "line": 601,
          "column": 12
        },
        "end": {
          "line": 604,
          "column": 14
        }
      },
      "151": {
        "start": {
          "line": 633,
          "column": 10
        },
        "end": {
          "line": 640,
          "column": 12
        }
      },
      "152": {
        "start": {
          "line": 643,
          "column": 10
        },
        "end": {
          "line": 660,
          "column": 12
        }
      },
      "153": {
        "start": {
          "line": 647,
          "column": 12
        },
        "end": {
          "line": 647,
          "column": 41
        }
      },
      "154": {
        "start": {
          "line": 648,
          "column": 12
        },
        "end": {
          "line": 654,
          "column": 15
        }
      },
      "155": {
        "start": {
          "line": 655,
          "column": 12
        },
        "end": {
          "line": 655,
          "column": 40
        }
      },
      "156": {
        "start": {
          "line": 658,
          "column": 12
        },
        "end": {
          "line": 658,
          "column": 39
        }
      }
    },
    "fnMap": {
      "0": {
        "name": "EventosPage",
        "decl": {
          "start": {
            "line": 16,
            "column": 9
          },
          "end": {
            "line": 16,
            "column": 20
          }
        },
        "loc": {
          "start": {
            "line": 16,
            "column": 23
          },
          "end": {
            "line": 669,
            "column": 1
          }
        },
        "line": 16
      },
      "1": {
        "name": "(anonymous_1)",
        "decl": {
          "start": {
            "line": 48,
            "column": 22
          },
          "end": {
            "line": 48,
            "column": 23
          }
        },
        "loc": {
          "start": {
            "line": 48,
            "column": 34
          },
          "end": {
            "line": 90,
            "column": 2
          }
        },
        "line": 48
      },
      "2": {
        "name": "(anonymous_2)",
        "decl": {
          "start": {
            "line": 51,
            "column": 48
          },
          "end": {
            "line": 51,
            "column": 49
          }
        },
        "loc": {
          "start": {
            "line": 51,
            "column": 67
          },
          "end": {
            "line": 76,
            "column": 3
          }
        },
        "line": 51
      },
      "3": {
        "name": "(anonymous_3)",
        "decl": {
          "start": {
            "line": 65,
            "column": 6
          },
          "end": {
            "line": 65,
            "column": 7
          }
        },
        "loc": {
          "start": {
            "line": 65,
            "column": 20
          },
          "end": {
            "line": 73,
            "column": 7
          }
        },
        "line": 65
      },
      "4": {
        "name": "(anonymous_4)",
        "decl": {
          "start": {
            "line": 78,
            "column": 20
          },
          "end": {
            "line": 78,
            "column": 21
          }
        },
        "loc": {
          "start": {
            "line": 78,
            "column": 30
          },
          "end": {
            "line": 78,
            "column": 62
          }
        },
        "line": 78
      },
      "5": {
        "name": "(anonymous_5)",
        "decl": {
          "start": {
            "line": 81,
            "column": 44
          },
          "end": {
            "line": 81,
            "column": 45
          }
        },
        "loc": {
          "start": {
            "line": 81,
            "column": 56
          },
          "end": {
            "line": 88,
            "column": 3
          }
        },
        "line": 81
      },
      "6": {
        "name": "(anonymous_6)",
        "decl": {
          "start": {
            "line": 93,
            "column": 30
          },
          "end": {
            "line": 93,
            "column": 31
          }
        },
        "loc": {
          "start": {
            "line": 93,
            "column": 42
          },
          "end": {
            "line": 103,
            "column": 2
          }
        },
        "line": 93
      },
      "7": {
        "name": "(anonymous_7)",
        "decl": {
          "start": {
            "line": 106,
            "column": 30
          },
          "end": {
            "line": 106,
            "column": 31
          }
        },
        "loc": {
          "start": {
            "line": 106,
            "column": 41
          },
          "end": {
            "line": 109,
            "column": 2
          }
        },
        "line": 106
      },
      "8": {
        "name": "(anonymous_8)",
        "decl": {
          "start": {
            "line": 112,
            "column": 20
          },
          "end": {
            "line": 112,
            "column": 21
          }
        },
        "loc": {
          "start": {
            "line": 112,
            "column": 26
          },
          "end": {
            "line": 112,
            "column": 49
          }
        },
        "line": 112
      },
      "9": {
        "name": "(anonymous_9)",
        "decl": {
          "start": {
            "line": 116,
            "column": 26
          },
          "end": {
            "line": 116,
            "column": 27
          }
        },
        "loc": {
          "start": {
            "line": 116,
            "column": 32
          },
          "end": {
            "line": 127,
            "column": 2
          }
        },
        "line": 116
      },
      "10": {
        "name": "(anonymous_10)",
        "decl": {
          "start": {
            "line": 130,
            "column": 22
          },
          "end": {
            "line": 130,
[...]
            },
            "end": {
              "line": 74,
              "column": 12
            }
          }
        ],
        "line": 64
      },
      "1": {
        "loc": {
          "start": {
            "line": 94,
            "column": 2
          },
          "end": {
            "line": 100,
            "column": 3
          }
        },
        "type": "if",
        "locations": [
          {
            "start": {
              "line": 94,
              "column": 2
            },
            "end": {
              "line": 100,
              "column": 3
            }
          },
          {
            "start": {},
            "end": {}
          }
        ],
        "line": 94
      },
      "2": {
        "loc": {
          "start": {
            "line": 133,
            "column": 2
          },
          "end": {
            "line": 136,
            "column": 3
          }
        },
        "type": "if",
        "locations": [
          {
            "start": {
              "line": 133,
              "column": 2
            },
            "end": {
              "line": 136,
              "column": 3
            }
          },
          {
            "start": {},
            "end": {}
          }
        ],
        "line": 133
      },
      "3": {
        "loc": {
          "start": {
            "line": 151,
            "column": 2
          },
          "end": {
            "line": 183,
            "column": 3
          }
        },
        "type": "if",
        "locations": [
          {
            "start": {
              "line": 151,
              "column": 2
            },
            "end": {
              "line": 183,
              "column": 3
            }
          },
          {
            "start": {
              "line": 153,
              "column": 9
            },
            "end": {
              "line": 183,
              "column": 3
            }
          }
        ],
        "line": 151
      },
      "4": {
        "loc": {
          "start": {
            "line": 153,
            "column": 9
          },
          "end": {
            "line": 183,
            "column": 3
          }
        },
        "type": "if",
        "locations": [
          {
            "start": {
              "line": 153,
              "column": 9
            },
            "end": {
              "line": 183,
              "column": 3
            }
          },
          {
            "start": {
              "line": 178,
              "column": 9
            },
            "end": {
              "line": 183,
              "column": 3
            }
          }
        ],
        "line": 153
      },
      "5": {
        "loc": {
          "start": {
            "line": 155,
            "column": 3
          },
          "end": {
            "line": 177,
            "column": 4
          }
        },
        "type": "if",
        "locations": [
          {
            "start": {
              "line": 155,
              "column": 3
            },
            "end": {
              "line": 177,
              "column": 4
            }
          },
          {
            "start": {
              "line": 157,
              "column": 10
            },
            "end": {
              "line": 177,
              "column": 4
            }
          }
        ],
        "line": 155
      },
      "6": {
        "loc": {
          "start": {
            "line": 157,
            "column": 10
          },
          "end": {
            "line": 177,
            "column": 4
          }
        },
        "type": "if",
        "locations": [
          {
            "start": {
              "line": 157,
              "column": 10
            },
            "end": {
              "line": 177,
              "column": 4
            }
          },
          {
            "start": {
              "line": 172,
              "column": 10
            },
            "end": {
              "line": 177,
              "column": 4
            }
          }
        ],
        "line": 157
      },
      "7": {
        "loc": {
          "start": {
            "line": 159,
            "column": 4
          },
          "end": {
            "line": 171,
            "column": 5
          }
        },
        "type": "if",
        "locations": [
          {
            "start": {
              "line": 159,
              "column": 4
            },
            "end": {
              "line": 171,
              "column": 5
            }
          },
          {
            "start": {
              "line": 164,
              "column": 11
            },
            "end": {
              "line": 171,
              "column": 5
            }
          }
        ],
        "line": 159
      },
      "8": {
        "loc": {
          "start": {
            "line": 164,
            "column": 11
          },
          "end": {
            "line": 171,
            "column": 5
          }
        },
        "type": "if",
        "locations": [
          {
            "start": {
              "line": 164,
              "column": 11
            },
            "end": {
              "line": 171,
              "column": 5
            }
          },
          {
            "start": {
              "line": 166,
              "column": 11
            },
            "end": {
              "line": 171,
              "column": 5
            }
          }
        ],
        "line": 164
      },
      "9": {
        "loc": {
          "start": {
            "line": 191,
            "column": 2
          },
          "end": {
            "line": 200,
            "column": 3
          }
        },
        "type": "if",
        "locations": [
          {
            "start": {
              "line": 191,
              "column": 2
            },
            "end": {
              "line": 200,
              "column": 3
            }
          },
          {
            "start": {},
            "end": {}
          }
        ],
        "line": 191
      },
      "10": {
        "loc": {
          "start": {
            "line": 192,
            "column": 3
          },
          "end": {
            "line": 195,
            "column": 38
          }
        },
        "type": "binary-expr",
        "locations": [
          {
            "start": {
              "line": 192,
              "column": 3
            },
            "end": {
              "line": 192,
              "column": 35
            }
          },
          {
            "start": {
              "line": 193,
              "column": 3
            },
            "end": {
              "line": 193,
              "column": 27
            }
          },
          {
            "start": {
              "line": 194,
              "column": 3
            },
            "end": {
              "line": 194,
              "column": 26
            }
          },
          {
            "start": {
              "line": 195,
              "column": 3
            },
            "end": {
              "line": 195,
              "column": 38
            }
          }
        ],
        "line": 192
      },
      "11": {
        "loc": {
          "start": {
            "line": 202,
            "column": 2
          },
          "end": {
            "line": 205,
            "column": 3
          }
        },
        "type": "if",
        "locations": [
          {
            "start": {
              "line": 202,
              "column": 2
            },
            "end": {
              "line": 205,
              "column": 3
            }
          },
          {
            "start": {},
            "end": {}
          }
        ],
        "line": 202
      },
      "12": {
        "loc": {
          "start": {
            "line": 217,
            "column": 4
          },
          "end": {
            "line": 219,
            "column": 46
          }
        },
        "type": "binary-expr",
        "locations": [
          {
            "start": {
              "line": 217,
              "column": 4
            },
            "end": {
              "line": 217,
              "column": 40
            }
          },
          {
            "start": {
              "line": 218,
              "column": 4
            },
            "end": {
              "line": 218,
              "column": 36
            }
          },
          {
            "start": {
              "line": 219,
              "column": 4
            },
            "end": {
              "line": 219,
              "column": 46
            }
          }
        ],
        "line": 217
      },
      "13": {
        "loc": {
          "start": {
            "line": 221,
            "column": 2
          },
          "end": {
            "line": 224,
            "column": 3
          }
        },
        "type": "if",
        "locations": [
          {
            "start": {
              "line": 221,
              "column": 2
            },
            "end": {
              "line": 224,
              "column": 3
            }
          },
          {
            "start": {},
            "end": {}
          }
        ],
        "line": 221
      },
      "14": {
        "loc": {
          "start": {
            "line": 263,
            "column": 2
          },
          "end": {
            "line": 272,
            "column": 3
          }
        },
        "type": "if",
        "locations": [
          {
            "start": {
              "line": 263,
              "column": 2
            },
            "end": {
              "line": 272,
              "column": 3
            }
          },
          {
            "start": {},
            "end": {}
          }
        ],
        "line": 263
      },
      "15": {
        "loc": {
          "start": {
            "line": 264,
            "column": 3
          },
          "end": {
            "line": 267,
            "column": 40
          }
        },
        "type": "binary-expr",
        "locations": [
          {
            "start": {
              "line": 264,
              "column": 3
            },
            "end": {
              "line": 264,
              "column": 37
            }
          },
          {
            "start": {
              "line": 265,
              "column": 3
            },
            "end": {
              "line": 265,
              "column": 29
            }
          },
          {
            "start": {
              "line": 266,
              "column": 3
            },
            "end": {
              "line": 266,
              "column": 28
            }
          },
          {
            "start": {
              "line": 267,
              "column": 3
            },
            "end": {
              "line": 267,
              "column": 40
            }
          }
        ],
        "line": 264
      },
      "16": {
        "loc": {
          "start": {
            "line": 274,
            "column": 2
          },
          "end": {
            "line": 277,
            "column": 3
          }
        },
        "type": "if",
        "locations": [
          {
            "start": {
              "line": 274,
              "column": 2
            },
            "end": {
              "line": 277,
              "column": 3
            }
          },
          {
            "start": {},
            "end": {}
          }
        ],
        "line": 274
      },
      "17": {
        "loc": {
          "start": {
            "line": 288,
            "column": 4
          },
          "end": {
            "line": 290,
            "column": 48
          }
        },
        "type": "binary-expr",
        "locations": [
          {
            "start": {
              "line": 288,
              "column": 4
            },
            "end": {
              "line": 288,
              "column": 42
            }
          },
          {
            "start": {
              "line": 289,
              "column": 4
            },
            "end": {
              "line": 289,
              "column": 36
            }
          },
          {
            "start": {
              "line": 290,
              "column": 4
            },
            "end": {
              "line": 290,
              "column": 48
            }
          }
        ],
        "line": 288
      },
      "18": {
        "loc": {
          "start": {
            "line": 292,
            "column": 2
          },
          "end": {
            "line": 295,
            "column": 3
          }
        },
        "type": "if",
        "locations": [
          {
            "start": {
              "line": 292,
              "column": 2
            },
            "end": {
              "line": 295,
              "column": 3
            }
          },
          {
            "start": {},
            "end": {}
          }
        ],
        "line": 292
      },
      "19": {
        "loc": {
          "start": {
            "line": 412,
            "column": 11
          },
          "end": {
            "line": 416,
            "column": 11
          }
        },
        "type": "binary-expr",
        "locations": [
          {
            "start": {
              "line": 412,
              "column": 11
            },
            "end": {
              "line": 412,
              "column": 21
            }
          },
          {
            "start": {
              "line": 413,
              "column": 11
            },
            "end": {
              "line": 415,
              "column": 15
            }
          }
        ],
        "line": 412
      },
      "20": {
        "loc": {
          "start": {
            "line": 461,
            "column": 11
          },
          "end": {
            "line": 465,
            "column": 11
          }
        },
        "type": "binary-expr",
        "locations": [
          {
            "start": {
              "line": 461,
              "column": 11
            },
            "end": {
              "line": 461,
              "column": 16
            }
          },
          {
            "start": {
              "line": 462,
              "column": 11
            },
            "end": {
              "line": 464,
              "column": 15
            }
          }
        ],
        "line": 461
      },
      "21": {
        "loc": {
          "start": {
            "line": 560,
            "column": 11
          },
          "end": {
            "line": 564,
            "column": 11
          }
        },
        "type": "binary-expr",
        "locations": [
          {
            "start": {
              "line": 560,
              "column": 11
            },
            "end": {
              "line": 560,
              "column": 21
            }
          },
          {
            "start": {
              "line": 561,
              "column": 11
            },
            "end": {
              "line": 563,
              "column": 15
            }
          }
        ],
        "line": 560
      },
      "22": {
        "loc": {
          "start": {
            "line": 609,
            "column": 11
          },
          "end": {
            "line": 613,
            "column": 11
          }
        },
        "type": "binary-expr",
        "locations": [
          {
            "start": {
              "line": 609,
              "column": 11
            },
            "end": {
              "line": 609,
              "column": 16
            }
          },
          {
            "start": {
              "line": 610,
              "column": 11
            },
            "end": {
              "line": 612,
              "column": 15
            }
          }
        ],
        "line": 609
      }
    },
    "s": {
      "0": 24,
      "1": 24,
      "2": 24,
      "3": 24,
      "4": 24,
      "5": 24,
      "6": 24,
      "7": 24,
      "8": 24,
      "9": 24,
      "10": 24,
      "11": 24,
      "12": 12,
      "13": 12,
      "14": 58,
      "15": 24,
      "16": 12,
      "17": 88,
      "18": 12,
      "19": 58,
      "20": 58,
      "21": 58,
      "22": 58,
      "23": 58,
      "24": 12,
      "25": 24,
      "26": 0,
      "27": 0,
      "28": 0,
      "29": 0,
      "30": 0,
      "31": 0,
      "32": 0,
      "33": 0,
      "34": 24,
      "35": 0,
      "36": 0,
      "37": 24,
      "38": 0,
      "39": 24,
      "40": 0,
      "41": 0,
      "42": 0,
      "43": 24,
      "44": 0,
      "45": 0,
      "46": 0,
      "47": 0,
      "48": 0,
      "49": 0,
      "50": 0,
      "51": 0,
      "52": 0,
      "53": 0,
      "54": 0,
      "55": 0,
      "56": 0,
      "57": 0,
      "58": 0,
      "59": 0,
      "60": 0,
      "61": 0,
      "62": 0,
      "63": 0,
      "64": 0,
      "65": 0,
      "66": 0,
      "67": 0,
      "68": 0,
      "69": 0,
      "70": 0,
      "71": 0,
      "72": 0,
      "73": 0,
      "74": 0,
      "75": 0,
      "76": 0,
      "77": 0,
      "78": 24,
      "79": 0,
      "80": 0,
      "81": 0,
      "82": 0,
      "83": 0,
      "84": 0,
      "85": 0,
      "86": 0,
      "87": 0,
      "88": 0,
      "89": 0,
      "90": 0,
      "91": 0,
      "92": 0,
      "93": 0,
      "94": 0,
      "95": 0,
      "96": 0,
      "97": 0,
      "98": 0,
      "99": 0,
      "100": 0,
      "101": 0,
      "102": 0,
      "103": 0,
      "104": 0,
      "105": 0,
      "106": 0,
      "107": 0,
      "108": 24,
      "109": 0,
      "110": 0,
      "111": 0,
      "112": 0,
      "113": 0,
      "114": 0,
      "115": 0,
      "116": 0,
      "117": 0,
      "118": 0,
      "119": 0,
      "120": 0,
      "121": 0,
      "122": 0,
      "123": 0,
      "124": 0,
      "125": 0,
      "126": 0,
      "127": 0,
      "128": 0,
      "129": 0,
      "130": 0,
      "131": 0,
      "132": 0,
      "133": 0,
      "134": 24,
      "135": 12,
      "136": 24,
      "137": 0,
      "138": 0,
      "139": 0,
      "140": 0,
      "141": 0,
      "142": 0,
      "143": 0,
      "144": 0,
      "145": 0,
      "146": 0,
      "147": 0,
      "148": 0,
      "149": 0,
      "150": 0,
      "151": 58,
      "152": 58,
      "153": 0,
      "154": 0,
      "155": 0,
      "156": 0
    },
    "f": {
      "0": 24,
      "1": 12,
      "2": 58,
      "3": 24,
      "4": 88,
      "5": 58,
      "6": 0,
      "7": 0,
      "8": 0,
      "9": 0,
      "10": 0,
      "11": 0,
      "12": 0,
      "13": 0,
      "14": 0,
      "15": 0,
      "16": 0,
      "17": 0,
      "18": 12,
      "19": 0,
      "20": 0,
      "21": 0,
      "22": 0,
      "23": 0,
      "24": 0,
      "25": 0,
      "26": 0,
      "27": 0,
      "28": 0,
      "29": 0,
      "30": 0,
      "31": 58,
      "32": 58,
      "33": 0,
      "34": 0
    },
    "b": {
      "0": [
        58,
        46
      ],
      "1": [
        0,
        0
      ],
      "2": [
        0,
        0
      ],
      "3": [
        0,
        0
      ],
      "4": [
        0,
        0
      ],
      "5": [
        0,
        0
      ],
      "6": [
        0,
        0
      ],
      "7": [
        0,
        0
      ],
      "8": [
        0,
        0
      ],
      "9": [
        0,
        0
      ],
      "10": [
        0,
        0,
        0,
        0
      ],
      "11": [
        0,
        0
      ],
      "12": [
        0,
        0,
        0
      ],
      "13": [
        0,
        0
      ],
      "14": [
        0,
        0
      ],
      "15": [
        0,
        0,
        0,
        0
      ],
      "16": [
        0,
        0
      ],
      "17": [
        0,
        0,
        0
      ],
      "18": [
        0,
        0
      ],
      "19": [
        24,
        0
      ],
      "20": [
        24,
        0
      ],
      "21": [
        24,
        0
      ],
      "22": [
        24,
        0
      ]
    },
    "_coverageSchema": "1a1c01bbd47fc00a2c39e90264f33305004495a9",
    "hash": "6549004af653ddf2505832105e9103dbb31290f4"
  }
}