{
  "/Users/jsanclemente/Desktop/invitapp-frontweb/pages/_app.js": {
    "path": "/Users/jsanclemente/Desktop/invitapp-frontweb/pages/_app.js",
    "statementMap": {
      "0": {
        "start": {
          "line": 5,
          "column": 2
        },
        "end": {
          "line": 5,
          "column": 37
        }
      }
    },
    "fnMap": {
      "0": {
        "name": "App",
        "decl": {
          "start": {
            "line": 4,
            "column": 24
          },
          "end": {
            "line": 4,
            "column": 27
          }
        },
        "loc": {
          "start": {
            "line": 4,
            "column": 54
          },
          "end": {
            "line": 6,
            "column": 1
          }
        },
        "line": 4
      }
    },
    "branchMap": {},
    "s": {
      "0": 6
    },
    "f": {
      "0": 6
    },
    "b": {},
    "_coverageSchema": "1a1c01bbd47fc00a2c39e90264f33305004495a9",
    "hash": "ee2b8be0c3adf8954f0514d882584b0197dbf8b7"
  },
  "/Users/jsanclemente/Desktop/invitapp-frontweb/firebase.js": {
    "path": "/Users/jsanclemente/Desktop/invitapp-frontweb/firebase.js",
    "statementMap": {
      "0": {
        "start": {
          "line": 8,
          "column": 23
        },
        "end": {
          "line": 15,
          "column": 1
        }
      },
      "1": {
        "start": {
          "line": 18,
          "column": 12
        },
        "end": {
          "line": 18,
          "column": 41
        }
      },
      "2": {
        "start": {
          "line": 20,
          "column": 20
        },
        "end": {
          "line": 20,
          "column": 32
        }
      },
      "3": {
        "start": {
          "line": 22,
          "column": 11
        },
        "end": {
          "line": 22,
          "column": 28
        }
      }
    },
    "fnMap": {},
    "branchMap": {},
    "s": {
      "0": 4,
      "1": 4,
      "2": 4,
      "3": 4
    },
    "f": {},
    "b": {},
    "_coverageSchema": "1a1c01bbd47fc00a2c39e90264f33305004495a9",
    "hash": "f02c34c2596c47e610eb6c002de14c6a8b6f6e01"
  },
  "/Users/jsanclemente/Desktop/invitapp-frontweb/components/layout.js": {
    "path": "/Users/jsanclemente/Desktop/invitapp-frontweb/components/layout.js",
    "statementMap": {
      "0": {
        "start": {
          "line": 6,
          "column": 15
        },
        "end": {
          "line": 40,
          "column": 1
        }
      },
      "1": {
        "start": {
          "line": 8,
          "column": 16
        },
        "end": {
          "line": 8,
          "column": 27
        }
      },
      "2": {
        "start": {
          "line": 11,
          "column": 22
        },
        "end": {
          "line": 23,
          "column": 2
        }
      },
      "3": {
        "start": {
          "line": 12,
          "column": 2
        },
        "end": {
          "line": 22,
          "column": 6
        }
      },
      "4": {
        "start": {
          "line": 15,
          "column": 4
        },
        "end": {
          "line": 15,
          "column": 25
        }
      },
      "5": {
        "start": {
          "line": 16,
          "column": 4
        },
        "end": {
          "line": 16,
          "column": 21
        }
      },
      "6": {
        "start": {
          "line": 17,
          "column": 4
        },
        "end": {
          "line": 17,
          "column": 43
        }
      },
      "7": {
        "start": {
          "line": 21,
          "column": 4
        },
        "end": {
          "line": 21,
          "column": 23
        }
      },
      "8": {
        "start": {
          "line": 24,
          "column": 1
        },
        "end": {
          "line": 39,
          "column": 3
        }
      },
      "9": {
        "start": {
          "line": 31,
          "column": 28
        },
        "end": {
          "line": 31,
          "column": 42
        }
      }
    },
    "fnMap": {
      "0": {
        "name": "(anonymous_0)",
        "decl": {
          "start": {
            "line": 6,
            "column": 15
          },
          "end": {
            "line": 6,
            "column": 16
          }
        },
        "loc": {
          "start": {
            "line": 6,
            "column": 33
          },
          "end": {
            "line": 40,
            "column": 1
          }
        },
        "line": 6
      },
      "1": {
        "name": "(anonymous_1)",
        "decl": {
          "start": {
            "line": 11,
            "column": 22
          },
          "end": {
            "line": 11,
            "column": 23
          }
        },
        "loc": {
          "start": {
            "line": 11,
            "column": 28
          },
          "end": {
            "line": 23,
            "column": 2
          }
        },
        "line": 11
      },
      "2": {
        "name": "(anonymous_2)",
        "decl": {
          "start": {
            "line": 13,
            "column": 9
          },
          "end": {
            "line": 13,
            "column": 10
          }
        },
        "loc": {
          "start": {
            "line": 13,
            "column": 15
          },
          "end": {
            "line": 18,
            "column": 4
          }
        },
        "line": 13
      },
      "3": {
        "name": "(anonymous_3)",
        "decl": {
          "start": {
            "line": 19,
            "column": 10
          },
          "end": {
            "line": 19,
            "column": 11
          }
        },
        "loc": {
          "start": {
            "line": 19,
            "column": 21
          },
          "end": {
            "line": 22,
            "column": 4
          }
        },
        "line": 19
      },
      "4": {
        "name": "(anonymous_4)",
        "decl": {
          "start": {
            "line": 31,
            "column": 22
          },
          "end": {
            "line": 31,
            "column": 23
          }
        },
        "loc": {
          "start": {
            "line": 31,
            "column": 28
          },
          "end": {
            "line": 31,
            "column": 42
          }
        },
        "line": 31
      }
    },
    "branchMap": {},
    "s": {
      "0": 4,
      "1": 40,
      "2": 40,
      "3": 0,
      "4": 0,
      "5": 0,
      "6": 0,
      "7": 0,
      "8": 40,
      "9": 0
    },
    "f": {
      "0": 40,
      "1": 0,
      "2": 0,
      "3": 0,
      "4": 0
    },
    "b": {},
    "_coverageSchema": "1a1c01bbd47fc00a2c39e90264f33305004495a9",
    "hash": "d12668d1e271348023d7d2a8afea895a55edf7fe"
  },
  "/Users/jsanclemente/Desktop/invitapp-frontweb/components/ruleta.js": {
    "path": "/Users/jsanclemente/Desktop/invitapp-frontweb/components/ruleta.js",
    "statementMap": {
      "0": {
        "start": {
          "line": 7,
          "column": 38
        },
        "end": {
          "line": 7,
          "column": 62
        }
      },
      "1": {
        "start": {
          "line": 8,
          "column": 56
        },
        "end": {
          "line": 8,
          "column": 71
        }
      },
      "2": {
        "start": {
          "line": 9,
          "column": 54
        },
        "end": {
          "line": 9,
          "column": 69
        }
      },
      "3": {
        "start": {
          "line": 10,
          "column": 34
        },
        "end": {
          "line": 10,
          "column": 53
        }
      },
      "4": {
        "start": {
          "line": 12,
          "column": 60
        },
        "end": {
          "line": 12,
          "column": 72
        }
      },
      "5": {
        "start": {
          "line": 14,
          "column": 46
        },
        "end": {
          "line": 14,
          "column": 61
        }
      },
      "6": {
        "start": {
          "line": 17,
          "column": 38
        },
        "end": {
          "line": 17,
          "column": 50
        }
      },
      "7": {
        "start": {
          "line": 20,
          "column": 54
        },
        "end": {
          "line": 23,
          "column": 6
        }
      },
      "8": {
        "start": {
          "line": 28,
          "column": 8
        },
        "end": {
          "line": 29,
          "column": 69
        }
      },
      "9": {
        "start": {
          "line": 33,
          "column": 35
        },
        "end": {
          "line": 68,
          "column": 5
        }
      },
      "10": {
        "start": {
          "line": 34,
          "column": 8
        },
        "end": {
          "line": 66,
          "column": 9
        }
      },
      "11": {
        "start": {
          "line": 35,
          "column": 12
        },
        "end": {
          "line": 35,
          "column": 34
        }
      },
      "12": {
        "start": {
          "line": 36,
          "column": 31
        },
        "end": {
          "line": 40,
          "column": 15
        }
      },
      "13": {
        "start": {
          "line": 36,
          "column": 57
        },
        "end": {
          "line": 40,
          "column": 13
        }
      },
      "14": {
        "start": {
          "line": 41,
          "column": 12
        },
        "end": {
          "line": 41,
          "column": 35
        }
      },
      "15": {
        "start": {
          "line": 42,
          "column": 29
        },
        "end": {
          "line": 48,
          "column": 14
        }
      },
      "16": {
        "start": {
          "line": 50,
          "column": 12
        },
        "end": {
          "line": 59,
          "column": 13
        }
      },
      "17": {
        "start": {
          "line": 51,
          "column": 16
        },
        "end": {
          "line": 51,
          "column": 152
        }
      },
      "18": {
        "start": {
          "line": 53,
          "column": 16
        },
        "end": {
          "line": 55,
          "column": 25
        }
      },
      "19": {
        "start": {
          "line": 54,
          "column": 20
        },
        "end": {
          "line": 54,
          "column": 48
        }
      },
      "20": {
        "start": {
          "line": 57,
          "column": 16
        },
        "end": {
          "line": 57,
          "column": 59
        }
      },
      "21": {
        "start": {
          "line": 61,
          "column": 12
        },
        "end": {
          "line": 61,
          "column": 43
        }
      },
      "22": {
        "start": {
          "line": 65,
          "column": 12
        },
        "end": {
          "line": 65,
          "column": 35
        }
      },
      "23": {
        "start": {
          "line": 71,
          "column": 30
        },
        "end": {
          "line": 103,
          "column": 5
        }
      },
      "24": {
        "start": {
          "line": 72,
          "column": 8
        },
        "end": {
          "line": 72,
          "column": 31
        }
      },
      "25": {
        "start": {
          "line": 73,
          "column": 8
        },
        "end": {
          "line": 76,
          "column": 11
        }
      },
      "26": {
        "start": {
          "line": 79,
          "column": 8
        },
        "end": {
          "line": 101,
          "column": 17
        }
      },
      "27": {
        "start": {
          "line": 80,
          "column": 27
        },
        "end": {
          "line": 80,
          "column": 56
        }
      },
      "28": {
        "start": {
          "line": 81,
          "column": 12
        },
        "end": {
          "line": 81,
          "column": 44
        }
      },
      "29": {
        "start": {
          "line": 82,
          "column": 12
        },
        "end": {
          "line": 82,
          "column": 32
        }
      },
      "30": {
        "start": {
          "line": 83,
          "column": 12
        },
        "end": {
          "line": 83,
          "column": 33
        }
      },
      "31": {
        "start": {
          "line": 86,
          "column": 12
        },
        "end": {
          "line": 86,
          "column": 80
        }
      },
      "32": {
        "start": {
          "line": 87,
          "column": 12
        },
        "end": {
          "line": 87,
          "column": 35
        }
      },
      "33": {
        "start": {
          "line": 90,
          "column": 36
        },
        "end": {
          "line": 92,
          "column": 13
        }
      },
      "34": {
        "start": {
          "line": 91,
          "column": 29
        },
        "end": {
          "line": 91,
          "column": 55
        }
      },
      "35": {
        "start": {
          "line": 94,
          "column": 12
        },
        "end": {
          "line": 94,
          "column": 42
        }
      },
      "36": {
        "start": {
          "line": 97,
          "column": 12
        },
        "end": {
          "line": 100,
          "column": 15
        }
      },
      "37": {
        "start": {
          "line": 105,
          "column": 4
        },
        "end": {
          "line": 111,
          "column": 5
        }
      },
      "38": {
        "start": {
          "line": 106,
          "column": 8
        },
        "end": {
          "line": 110,
          "column": 10
        }
      },
      "39": {
        "start": {
          "line": 113,
          "column": 4
        },
        "end": {
          "line": 290,
          "column": 6
        }
      },
      "40": {
        "start": {
          "line": 124,
          "column": 24
        },
        "end": {
          "line": 124,
          "column": 67
        }
      },
      "41": {
        "start": {
          "line": 134,
          "column": 28
        },
        "end": {
          "line": 160,
          "column": 45
        }
      },
      "42": {
        "start": {
          "line": 178,
          "column": 28
        },
        "end": {
          "line": 178,
          "column": 69
        }
      },
      "43": {
        "start": {
          "line": 191,
          "column": 32
        },
        "end": {
          "line": 241,
          "column": 34
        }
      },
      "44": {
        "start": {
          "line": 200,
          "column": 59
        },
        "end": {
          "line": 200,
          "column": 77
        }
      },
      "45": {
        "start": {
          "line": 203,
          "column": 52
        },
        "end": {
          "line": 237,
          "column": 69
        }
      }
    },
    "fnMap": {
      "0": {
        "name": "Ruleta",
        "decl": {
          "start": {
            "line": 5,
            "column": 9
          },
          "end": {
            "line": 5,
            "column": 15
          }
        },
        "loc": {
          "start": {
            "line": 5,
            "column": 50
          },
          "end": {
            "line": 291,
            "column": 1
          }
        },
        "line": 5
      },
      "1": {
        "name": "getInvitadoRandom",
        "decl": {
          "start": {
            "line": 27,
            "column": 13
          },
          "end": {
            "line": 27,
            "column": 30
          }
        },
        "loc": {
          "start": {
            "line": 27,
            "column": 33
          },
          "end": {
            "line": 30,
            "column": 5
          }
        },
        "line": 27
      },
      "2": {
        "name": "(anonymous_2)",
        "decl": {
          "start": {
            "line": 33,
            "column": 35
          },
          "end": {
            "line": 33,
            "column": 36
          }
        },
        "loc": {
          "start": {
            "line": 33,
            "column": 47
          },
          "end": {
            "line": 68,
            "column": 5
          }
        },
        "line": 33
      },
      "3": {
        "name": "(anonymous_3)",
        "decl": {
          "start": {
            "line": 36,
            "column": 45
          },
          "end": {
            "line": 36,
            "column": 46
          }
        },
        "loc": {
          "start": {
            "line": 36,
            "column": 57
          },
          "end": {
            "line": 40,
            "column": 13
          }
        },
        "line": 36
      },
      "4": {
        "name": "(anonymous_4)",
        "decl": {
          "start": {
            "line": 53,
            "column": 27
          },
          "end": {
            "line": 53,
            "column": 28
          }
        },
        "loc": {
          "start": {
            "line": 53,
            "column": 33
          },
          "end": {
            "line": 55,
            "column": 17
          }
        },
        "line": 53
      },
      "5": {
        "name": "(anonymous_5)",
        "decl": {
          "start": {
            "line": 71,
            "column": 30
          },
          "end": {
            "line": 71,
            "column": 31
          }
        },
        "loc": {
          "start": {
            "line": 71,
            "column": 41
          },
          "end": {
            "line": 103,
            "column": 5
          }
        },
        "line": 71
      },
      "6": {
        "name": "(anonymous_6)",
        "decl": {
          "start": {
            "line": 79,
            "column": 19
          },
          "end": {
            "line": 79,
            "column": 20
          }
        },
        "loc": {
          "start": {
            "line": 79,
            "column": 25
          },
          "end": {
            "line": 101,
            "column": 9
          }
        },
        "line": 79
      },
      "7": {
        "name": "(anonymous_7)",
        "decl": {
          "start": {
            "line": 91,
            "column": 16
          },
          "end": {
            "line": 91,
            "column": 17
          }
        },
        "loc": {
          "start": {
            "line": 91,
            "column": 29
          },
          "end": {
            "line": 91,
            "column": 55
          }
        },
        "line": 91
      },
      "8": {
        "name": "(anonymous_8)",
        "decl": {
          "start": {
            "line": 123,
            "column": 29
          },
          "end": {
            "line": 123,
            "column": 30
          }
        },
        "loc": {
          "start": {
            "line": 123,
            "column": 35
          },
          "end": {
            "line": 125,
            "column": 21
          }
        },
        "line": 123
      },
      "9": {
        "name": "(anonymous_9)",
        "decl": {
          "start": {
            "line": 133,
            "column": 39
          },
          "end": {
            "line": 133,
            "column": 40
          }
        },
        "loc": {
          "start": {
            "line": 134,
            "column": 28
          },
          "end": {
            "line": 160,
            "column": 45
          }
        },
        "line": 134
      },
      "10": {
        "name": "(anonymous_10)",
        "decl": {
          "start": {
            "line": 177,
            "column": 33
          },
          "end": {
            "line": 177,
            "column": 34
          }
        },
        "loc": {
          "start": {
            "line": 177,
            "column": 39
          },
          "end": {
            "line": 179,
            "column": 25
          }
        },
        "line": 177
      },
      "11": {
        "name": "(anonymous_11)",
        "decl": {
          "start": {
            "line": 190,
            "column": 53
          },
          "end": {
            "line": 190,
            "column": 54
          }
        },
        "loc": {
          "start": {
            "line": 190,
            "column": 65
          },
          "end": {
            "line": 242,
            "column": 29
          }
        },
        "line": 190
      },
      "12": {
        "name": "(anonymous_12)",
        "decl": {
          "start": {
            "line": 200,
            "column": 52
          },
          "end": {
            "line": 200,
            "column": 53
          }
        },
        "loc": {
          "start": {
            "line": 200,
            "column": 59
          },
          "end": {
            "line": 200,
            "column": 77
          }
        },
        "line": 200
      },
      "13": {
        "name": "(anonymous_13)",
        "decl": {
          "start": {
            "line": 202,
            "column": 53
          },
          "end": {
            "line": 202,
            "column": 54
          }
        },
        "loc": {
          "start": {
            "line": 203,
            "column": 52
          },
          "end": {
            "line": 237,
            "column": 69
          }
        },
        "line": 203
      }
    },
    "branchMap": {
      "0": {
        "loc": {
          "start": {
            "line": 50,
            "column": 12
          },
          "end": {
            "line": 59,
            "column": 13
          }
        },
        "type": "if",
        "locations": [
          {
            "start": {
              "line": 50,
              "column": 12
            },
            "end": {
              "line": 59,
              "column": 13
            }
          },
          {
            "start": {
              "line": 56,
              "column": 19
            },
            "end": {
              "line": 59,
              "column": 13
            }
          }
        ],
        "line": 50
      },
      "1": {
        "loc": {
          "start": {
            "line": 51,
            "column": 81
          },
          "end": {
            "line": 51,
            "column": 138
          }
        },
        "type": "cond-expr",
        "locations": [
          {
            "start": {
              "line": 51,
              "column": 106
            },
            "end": {
              "line": 51,
              "column": 118
            }
          },
          {
            "start": {
              "line": 51,
              "column": 121
            },
            "end": {
              "line": 51,
              "column": 138
            }
          }
        ],
        "line": 51
      },
      "2": {
        "loc": {
          "start": {
            "line": 105,
            "column": 4
          },
          "end": {
            "line": 111,
            "column": 5
          }
        },
        "type": "if",
        "locations": [
          {
            "start": {
              "line": 105,
              "column": 4
            },
            "end": {
              "line": 111,
              "column": 5
            }
          },
          {
            "start": {},
            "end": {}
          }
        ],
        "line": 105
      },
      "3": {
        "loc": {
          "start": {
            "line": 127,
            "column": 21
          },
          "end": {
            "line": 127,
            "column": 63
          }
        },
        "type": "cond-expr",
        "locations": [
          {
            "start": {
              "line": 127,
              "column": 42
            },
            "end": {
              "line": 127,
              "column": 51
            }
          },
          {
            "start": {
              "line": 127,
              "column": 54
            },
            "end": {
              "line": 127,
              "column": 63
            }
          }
        ],
        "line": 127
      },
      "4": {
        "loc": {
          "start": {
            "line": 131,
            "column": 17
          },
          "end": {
            "line": 163,
            "column": 17
          }
        },
        "type": "binary-expr",
        "locations": [
          {
            "start": {
              "line": 131,
              "column": 17
            },
            "end": {
              "line": 131,
              "column": 35
            }
          },
          {
            "start": {
              "line": 132,
              "column": 20
            },
            "end": {
              "line": 162,
              "column": 32
            }
          }
        ],
        "line": 131
      },
      "5": {
        "loc": {
          "start": {
            "line": 181,
            "column": 25
          },
          "end": {
            "line": 181,
            "column": 66
          }
        },
        "type": "cond-expr",
        "locations": [
          {
            "start": {
              "line": 181,
              "column": 45
            },
            "end": {
              "line": 181,
              "column": 54
            }
          },
          {
            "start": {
              "line": 181,
              "column": 57
            },
            "end": {
              "line": 181,
              "column": 66
            }
          }
        ],
        "line": 181
      },
      "6": {
        "loc": {
          "start": {
            "line": 184,
            "column": 21
          },
          "end": {
            "line": 186,
            "column": 21
          }
        },
        "type": "binary-expr",
        "locations": [
          {
            "start": {
              "line": 184,
              "column": 21
            },
            "end": {
              "line": 184,
              "column": 53
            }
          },
          {
            "start": {
              "line": 185,
              "column": 24
            },
            "end": {
              "line": 185,
              "column": 72
            }
          }
        ],
        "line": 184
      },
      "7": {
        "loc": {
          "start": {
            "line": 188,
            "column": 21
          },
          "end": {
            "line": 261,
            "column": 21
          }
        },
        "type": "binary-expr",
        "locations": [
          {
            "start": {
              "line": 188,
              "column": 21
            },
            "end": {
              "line": 188,
              "column": 38
            }
          },
          {
            "start": {
              "line": 189,
              "column": 24
            },
            "end": {
              "line": 260,
              "column": 27
            }
          }
        ],
        "line": 188
      },
      "8": {
        "loc": {
          "start": {
            "line": 243,
            "column": 29
          },
          "end": {
            "line": 247,
            "column": 29
          }
        },
        "type": "binary-expr",
        "locations": [
          {
            "start": {
              "line": 243,
              "column": 29
            },
            "end": {
              "line": 243,
              "column": 49
            }
          },
          {
            "start": {
              "line": 244,
              "column": 32
            },
            "end": {
              "line": 246,
              "column": 35
            }
          }
        ],
        "line": 243
      },
      "9": {
        "loc": {
          "start": {
            "line": 248,
            "column": 29
          },
          "end": {
            "line": 250,
            "column": 29
          }
        },
        "type": "binary-expr",
        "locations": [
          {
            "start": {
              "line": 248,
              "column": 29
            },
            "end": {
              "line": 248,
              "column": 42
            }
          },
          {
            "start": {
              "line": 249,
              "column": 40
            },
            "end": {
              "line": 249,
              "column": 88
            }
          }
        ],
        "line": 248
      },
      "10": {
        "loc": {
          "start": {
            "line": 251,
            "column": 29
          },
          "end": {
            "line": 258,
            "column": 29
          }
        },
        "type": "binary-expr",
        "locations": [
          {
            "start": {
              "line": 251,
              "column": 29
            },
            "end": {
              "line": 251,
              "column": 43
            }
          },
          {
            "start": {
              "line": 251,
              "column": 47
            },
            "end": {
              "line": 251,
              "column": 68
            }
          },
          {
            "start": {
              "line": 252,
              "column": 32
            },
            "end": {
              "line": 257,
              "column": 41
            }
          }
        ],
        "line": 251
      },
      "11": {
        "loc": {
          "start": {
            "line": 256,
            "column": 54
          },
          "end": {
            "line": 256,
            "column": 111
          }
        },
        "type": "cond-expr",
        "locations": [
          {
            "start": {
              "line": 256,
              "column": 79
            },
            "end": {
              "line": 256,
              "column": 91
            }
          },
          {
            "start": {
              "line": 256,
              "column": 94
            },
            "end": {
              "line": 256,
              "column": 111
            }
          }
        ],
        "line": 256
      }
    },
    "s": {
      "0": 0,
      "1": 0,
      "2": 0,
      "3": 0,
      "4": 0,
      "5": 0,
      "6": 0,
      "7": 0,
      "8": 0,
      "9": 0,
      "10": 0,
      "11": 0,
      "12": 0,
      "13": 0,
      "14": 0,
      "15": 0,
      "16": 0,
      "17": 0,
      "18": 0,
      "19": 0,
      "20": 0,
      "21": 0,
      "22": 0,
      "23": 0,
      "24": 0,
      "25": 0,
      "26": 0,
      "27": 0,
      "28": 0,
      "29": 0,
      "30": 0,
      "31": 0,
      "32": 0,
      "33": 0,
      "34": 0,
      "35": 0,
      "36": 0,
      "37": 0,
      "38": 0,
      "39": 0,
      "40": 0,
      "41": 0,
      "42": 0,
      "43": 0,
      "44": 0,
      "45": 0
    },
    "f": {
      "0": 0,
      "1": 0,
      "2": 0,
      "3": 0,
      "4": 0,
      "5": 0,
      "6": 0,
      "7": 0,
      "8": 0,
      "9": 0,
      "10": 0,
      "11": 0,
      "12": 0,
      "13": 0
    },
    "b": {
      "0": [
        0,
        0
      ],
      "1": [
        0,
        0
      ],
      "2": [
        0,
        0
      ],
      "3": [
        0,
        0
      ],
      "4": [
        0,
        0
      ],
      "5": [
        0,
        0
      ],
      "6": [
        0,
        0
      ],
      "7": [
        0,
        0
      ],
      "8": [
        0,
        0
      ],
      "9": [
        0,
        0
      ],
      "10": [
        0,
        0,
        0
      ],
      "11": [
        0,
        0
      ]
    },
    "_coverageSchema": "1a1c01bbd47fc00a2c39e90264f33305004495a9",
    "hash": "29d3b0247f3d624fb66cd6926e567fdd34009306"
  },
  "/Users/jsanclemente/Desktop/invitapp-frontweb/components/modalGenerico.js": {
    "path": "/Users/jsanclemente/Desktop/invitapp-frontweb/components/modalGenerico.js",
    "statementMap": {
      "0": {
        "start": {
          "line": 8,
          "column": 2
        },
        "end": {
          "line": 43,
          "column": 3
        }
      }
    },
    "fnMap": {
      "0": {
        "name": "ModalGenerico",
        "decl": {
          "start": {
            "line": 7,
            "column": 24
          },
          "end": {
            "line": 7,
            "column": 37
          }
        },
        "loc": {
          "start": {
            "line": 7,
            "column": 99
          },
          "end": {
            "line": 44,
            "column": 1
          }
        },
        "line": 7
      }
    },
    "branchMap": {
      "0": {
        "loc": {
          "start": {
            "line": 20,
            "column": 17
          },
          "end": {
            "line": 24,
            "column": 17
          }
        },
        "type": "binary-expr",
        "locations": [
          {
            "start": {
              "line": 20,
              "column": 17
            },
            "end": {
              "line": 20,
              "column": 28
            }
          },
          {
            "start": {
              "line": 21,
              "column": 20
            },
            "end": {
              "line": 23,
              "column": 26
            }
          }
        ],
        "line": 20
      },
      "1": {
        "loc": {
          "start": {
            "line": 25,
            "column": 18
          },
          "end": {
            "line": 27,
            "column": 17
          }
        },
        "type": "binary-expr",
        "locations": [
          {
            "start": {
              "line": 25,
              "column": 18
            },
            "end": {
              "line": 25,
              "column": 30
            }
          },
          {
            "start": {
              "line": 26,
              "column": 20
            },
            "end": {
              "line": 26,
              "column": 39
            }
          }
        ],
        "line": 25
      },
      "2": {
        "loc": {
          "start": {
            "line": 29,
            "column": 13
          },
          "end": {
            "line": 38,
            "column": 13
          }
        },
        "type": "binary-expr",
        "locations": [
          {
            "start": {
              "line": 29,
              "column": 13
            },
            "end": {
              "line": 29,
              "column": 37
            }
          },
          {
            "start": {
              "line": 30,
              "column": 16
            },
            "end": {
              "line": 37,
              "column": 31
            }
          }
        ],
        "line": 29
      }
    },
    "s": {
      "0": 202
    },
    "f": {
      "0": 202
    },
    "b": {
      "0": [
        202,
        8
      ],
      "1": [
        202,
        194
      ],
      "2": [
        202,
        94
      ]
    },
    "_coverageSchema": "1a1c01bbd47fc00a2c39e90264f33305004495a9",
    "hash": "7ba399645b5c13cdd5d111c9b795bb8a9e41ced3"
  },
  "/Users/jsanclemente/Desktop/invitapp-frontweb/components/evento.js": {
    "path": "/Users/jsanclemente/Desktop/invitapp-frontweb/components/evento.js",
    "statementMap": {
      "0": {
        "start": {
          "line": 34,
          "column": 40
        },
        "end": {
          "line": 34,
          "column": 59
        }
      },
      "1": {
        "start": {
          "line": 35,
          "column": 43
        },
        "end": {
          "line": 35,
          "column": 58
        }
      },
      "2": {
        "start": {
          "line": 36,
          "column": 46
        },
        "end": {
          "line": 36,
          "column": 61
        }
      },
      "3": {
        "start": {
          "line": 37,
          "column": 39
        },
        "end": {
          "line": 37,
          "column": 54
        }
      },
      "4": {
        "start": {
          "line": 38,
          "column": 51
        },
        "end": {
          "line": 38,
          "column": 66
        }
      },
      "5": {
        "start": {
          "line": 39,
          "column": 43
        },
        "end": {
          "line": 39,
          "column": 58
        }
      },
      "6": {
        "start": {
          "line": 40,
          "column": 37
        },
        "end": {
          "line": 40,
          "column": 52
        }
      },
      "7": {
        "start": {
          "line": 42,
          "column": 2
        },
        "end": {
          "line": 42,
          "column": 17
        }
      },
      "8": {
        "start": {
          "line": 43,
          "column": 59
        },
        "end": {
          "line": 43,
          "column": 73
        }
      },
      "9": {
        "start": {
          "line": 44,
          "column": 53
        },
        "end": {
          "line": 44,
          "column": 65
        }
      },
      "10": {
        "start": {
          "line": 45,
          "column": 69
        },
        "end": {
          "line": 45,
          "column": 84
        }
      },
      "11": {
        "start": {
          "line": 47,
          "column": 65
        },
        "end": {
          "line": 47,
          "column": 80
        }
      },
      "12": {
        "start": {
          "line": 49,
          "column": 67
        },
        "end": {
          "line": 49,
          "column": 82
        }
      },
      "13": {
        "start": {
          "line": 51,
          "column": 65
        },
        "end": {
          "line": 51,
          "column": 80
        }
      },
      "14": {
        "start": {
          "line": 62,
          "column": 20
        },
        "end": {
          "line": 83,
          "column": 2
        }
      },
      "15": {
        "start": {
          "line": 64,
          "column": 19
        },
        "end": {
          "line": 64,
          "column": 45
        }
      },
      "16": {
        "start": {
          "line": 65,
          "column": 16
        },
        "end": {
          "line": 65,
          "column": 55
        }
      },
      "17": {
        "start": {
          "line": 66,
          "column": 16
        },
        "end": {
          "line": 66,
          "column": 60
        }
      },
      "18": {
        "start": {
          "line": 67,
          "column": 2
        },
        "end": {
          "line": 67,
          "column": 26
        }
      },
      "19": {
        "start": {
          "line": 68,
          "column": 2
        },
        "end": {
          "line": 70,
          "column": 3
        }
      },
      "20": {
        "start": {
          "line": 69,
          "column": 3
        },
        "end": {
          "line": 69,
          "column": 16
        }
      },
      "21": {
        "start": {
          "line": 72,
          "column": 12
        },
        "end": {
          "line": 75,
          "column": 23
        }
      },
      "22": {
        "start": {
          "line": 77,
          "column": 15
        },
        "end": {
          "line": 77,
          "column": 29
        }
      },
      "23": {
        "start": {
          "line": 78,
          "column": 18
        },
        "end": {
          "line": 78,
          "column": 49
        }
      },
      "24": {
        "start": {
          "line": 80,
          "column": 3
        },
        "end": {
          "line": 80,
          "column": 60
        }
      },
      "25": {
        "start": {
          "line": 80,
          "column": 48
        },
        "end": {
          "line": 80,
          "column": 60
        }
      },
      "26": {
        "start": {
          "line": 82,
          "column": 2
        },
        "end": {
          "line": 82,
          "column": 15
        }
      },
      "27": {
        "start": {
          "line": 89,
          "column": 36
        },
        "end": {
          "line": 142,
          "column": 2
        }
      },
      "28": {
        "start": {
          "line": 90,
          "column": 2
        },
        "end": {
          "line": 90,
          "column": 28
        }
      },
      "29": {
        "start": {
          "line": 91,
          "column": 2
        },
        "end": {
          "line": 91,
          "column": 24
        }
      },
      "30": {
        "start": {
          "line": 92,
          "column": 2
        },
        "end": {
          "line": 92,
          "column": 26
        }
      },
      "31": {
        "start": {
          "line": 93,
          "column": 2
        },
        "end": {
          "line": 93,
          "column": 37
        }
      },
      "32": {
        "start": {
          "line": 94,
          "column": 2
        },
        "end": {
          "line": 94,
          "column": 25
        }
      },
      "33": {
        "start": {
          "line": 95,
          "column": 17
        },
        "end": {
          "line": 95,
          "column": 46
        }
      },
      "34": {
        "start": {
          "line": 96,
          "column": 14
        },
        "end": {
          "line": 96,
          "column": 40
        }
      },
      "35": {
        "start": {
          "line": 97,
          "column": 16
        },
        "end": {
          "line": 97,
          "column": 44
        }
      },
      "36": {
        "start": {
          "line": 99,
          "column": 2
        },
        "end": {
          "line": 104,
          "column": 3
        }
      },
      "37": {
        "start": {
          "line": 100,
          "column": 3
        },
        "end": {
          "line": 100,
          "column": 39
        }
      },
      "38": {
        "start": {
          "line": 102,
          "column": 3
        },
        "end": {
          "line": 102,
          "column": 24
        }
      },
      "39": {
        "start": {
          "line": 103,
          "column": 3
        },
        "end": {
          "line": 103,
          "column": 10
        }
      },
      "40": {
        "start": {
          "line": 106,
          "column": 2
        },
        "end": {
          "line": 109,
          "column": 3
        }
      },
      "41": {
        "start": {
          "line": 106,
          "column": 33
        },
        "end": {
          "line": 106,
          "column": 46
        }
      },
      "42": {
        "start": {
          "line": 107,
          "column": 3
        },
        "end": {
          "line": 107,
          "column": 30
        }
      },
      "43": {
        "start": {
          "line": 108,
          "column": 3
        },
        "end": {
          "line": 108,
          "column": 10
        }
      },
      "44": {
        "start": {
          "line": 111,
          "column": 2
        },
        "end": {
          "line": 141,
          "column": 3
        }
      },
      "45": {
        "start": {
          "line": 112,
          "column": 15
        },
        "end": {
          "line": 121,
          "column": 5
        }
      },
      "46": {
        "start": {
          "line": 123,
          "column": 3
        },
        "end": {
          "line": 130,
          "column": 6
        }
      },
      "47": {
        "start": {
          "line": 132,
          "column": 3
        },
        "end": {
          "line": 132,
          "column": 40
        }
      },
      "48": {
        "start": {
          "line": 133,
          "column": 3
        },
        "end": {
          "line": 133,
          "column": 37
        }
      },
      "49": {
        "start": {
          "line": 134,
          "column": 3
        },
        "end": {
          "line": 134,
          "column": 39
        }
      },
      "50": {
        "start": {
          "line": 135,
          "column": 3
        },
        "end": {
          "line": 135,
          "column": 31
        }
      },
      "51": {
        "start": {
          "line": 137,
          "column": 3
        },
        "end": {
          "line": 137,
          "column": 27
        }
      },
      "52": {
        "start": {
          "line": 138,
          "column": 3
        },
        "end": {
          "line": 138,
          "column": 37
        }
      },
      "53": {
        "start": {
          "line": 140,
          "column": 3
        },
        "end": {
          "line": 140,
          "column": 47
        }
      },
      "54": {
        "start": {
          "line": 146,
          "column": 32
        },
        "end": {
          "line": 150,
          "column": 2
        }
      },
      "55": {
        "start": {
          "line": 147,
          "column": 2
        },
        "end": {
          "line": 147,
          "column": 34
        }
      },
      "56": {
        "start": {
          "line": 148,
          "column": 2
        },
        "end": {
          "line": 148,
          "column": 26
        }
      },
      "57": {
        "start": {
          "line": 149,
          "column": 2
        },
        "end": {
          "line": 149,
          "column": 36
        }
      },
      "58": {
        "start": {
          "line": 152,
          "column": 30
        },
        "end": {
          "line": 155,
          "column": 2
        }
      },
      "59": {
        "start": {
          "line": 153,
          "column": 2
        },
        "end": {
          "line": 153,
          "column": 15
        }
      },
      "60": {
        "start": {
          "line": 154,
          "column": 2
        },
        "end": {
          "line": 154,
          "column": 65
        }
      },
      "61": {
        "start": {
          "line": 157,
          "column": 28
        },
        "end": {
          "line": 164,
          "column": 2
        }
      },
      "62": {
        "start": {
          "line": 158,
          "column": 26
        },
        "end": {
          "line": 158,
          "column": 42
        }
      },
      "63": {
        "start": {
          "line": 159,
          "column": 2
        },
        "end": {
          "line": 163,
          "column": 3
        }
      },
      "64": {
        "start": {
          "line": 160,
          "column": 3
        },
        "end": {
          "line": 160,
          "column": 38
        }
      },
      "65": {
        "start": {
          "line": 162,
          "column": 3
        },
        "end": {
          "line": 162,
          "column": 66
        }
      },
      "66": {
        "start": {
          "line": 169,
          "column": 41
        },
        "end": {
          "line": 189,
          "column": 2
        }
      },
      "67": {
        "start": {
          "line": 170,
          "column": 2
        },
        "end": {
          "line": 170,
          "column": 45
        }
      },
      "68": {
        "start": {
          "line": 170,
          "column": 38
        },
        "end": {
          "line": 170,
          "column": 45
        }
      },
      "69": {
        "start": {
          "line": 171,
          "column": 26
        },
        "end": {
          "line": 171,
          "column": 45
        }
      },
      "70": {
        "start": {
          "line": 172,
          "column": 2
        },
        "end": {
          "line": 172,
          "column": 51
        }
      },
      "71": {
        "start": {
          "line": 173,
          "column": 2
        },
        "end": {
          "line": 185,
          "column": 3
        }
      },
      "72": {
        "start": {
          "line": 174,
          "column": 15
        },
        "end": {
          "line": 176,
          "column": 5
        }
      },
      "73": {
        "start": {
          "line": 178,
          "column": 3
        },
        "end": {
          "line": 178,
          "column": 38
        }
      },
      "74": {
        "start": {
          "line": 181,
          "column": 3
        },
        "end": {
          "line": 181,
          "column": 38
        }
      },
      "75": {
        "start": {
          "line": 184,
          "column": 3
        },
        "end": {
          "line": 184,
          "column": 47
        }
      },
      "76": {
        "start": {
          "line": 186,
          "column": 2
        },
        "end": {
          "line": 186,
          "column": 33
        }
      },
      "77": {
        "start": {
          "line": 187,
          "column": 2
        },
        "end": {
          "line": 187,
          "column": 37
        }
      },
      "78": {
        "start": {
          "line": 194,
          "column": 24
        },
        "end": {
          "line": 270,
          "column": 2
        }
      },
      "79": {
        "start": {
          "line": 195,
          "column": 2
        },
        "end": {
          "line": 269,
          "column": 5
        }
      },
      "80": {
        "start": {
          "line": 196,
          "column": 3
        },
        "end": {
          "line": 263,
          "column": 5
        }
      },
      "81": {
        "start": {
          "line": 200,
          "column": 6
        },
        "end": {
          "line": 200,
          "column": 30
        }
      },
      "82": {
        "start": {
          "line": 201,
          "column": 6
        },
        "end": {
          "line": 201,
          "column": 41
        }
      },
      "83": {
        "start": {
          "line": 206,
          "column": 7
        },
        "end": {
          "line": 259,
          "column": 9
        }
      },
      "84": {
        "start": {
          "line": 214,
          "column": 13
        },
        "end": {
          "line": 221,
          "column": 14
        }
      },
      "85": {
        "start": {
          "line": 215,
          "column": 14
        },
        "end": {
          "line": 215,
          "column": 39
        }
      },
      "86": {
        "start": {
          "line": 216,
          "column": 14
        },
        "end": {
          "line": 216,
          "column": 86
        }
      },
      "87": {
        "start": {
          "line": 216,
          "column": 67
        },
        "end": {
          "line": 216,
          "column": 84
        }
      },
      "88": {
        "start": {
          "line": 219,
          "column": 14
        },
        "end": {
          "line": 219,
          "column": 38
        }
      },
      "89": {
        "start": {
          "line": 220,
          "column": 14
        },
        "end": {
          "line": 220,
          "column": 74
        }
      },
      "90": {
        "start": {
          "line": 251,
          "column": 28
        },
        "end": {
          "line": 251,
          "column": 57
        }
      },
      "91": {
        "start": {
          "line": 265,
          "column": 3
        },
        "end": {
          "line": 269,
          "column": 5
        }
      },
      "92": {
        "start": {
          "line": 272,
          "column": 40
        },
        "end": {
          "line": 288,
          "column": 2
        }
      },
      "93": {
        "start": {
          "line": 273,
          "column": 2
        },
        "end": {
          "line": 273,
          "column": 45
        }
      },
      "94": {
        "start": {
          "line": 273,
          "column": 38
        },
        "end": {
          "line": 273,
          "column": 45
        }
      },
      "95": {
        "start": {
          "line": 274,
          "column": 26
        },
        "end": {
          "line": 274,
          "column": 96
        }
      },
      "96": {
        "start": {
          "line": 274,
          "column": 60
        },
        "end": {
          "line": 274,
          "column": 95
        }
      },
      "97": {
        "start": {
          "line": 275,
          "column": 2
        },
        "end": {
          "line": 275,
          "column": 30
        }
      },
      "98": {
        "start": {
          "line": 276,
          "column": 2
        },
        "end": {
          "line": 285,
          "column": 3
        }
      },
      "99": {
        "start": {
          "line": 277,
          "column": 15
        },
        "end": {
          "line": 279,
          "column": 5
        }
      },
      "100": {
        "start": {
          "line": 281,
          "column": 3
        },
        "end": {
          "line": 281,
          "column": 38
        }
      },
      "101": {
        "start": {
          "line": 284,
          "column": 3
        },
        "end": {
          "line": 284,
          "column": 47
        }
      },
      "102": {
        "start": {
          "line": 286,
          "column": 2
        },
        "end": {
          "line": 286,
          "column": 38
        }
      },
      "103": {
        "start": {
          "line": 287,
          "column": 2
        },
        "end": {
          "line": 287,
          "column": 24
        }
      },
      "104": {
        "start": {
          "line": 290,
          "column": 1
        },
        "end": {
          "line": 584,
          "column": 3
        }
      },
      "105": {
        "start": {
          "line": 297,
          "column": 18
        },
        "end": {
          "line": 297,
          "column": 43
        }
      },
      "106": {
        "start": {
          "line": 299,
          "column": 5
        },
        "end": {
          "line": 299,
          "column": 31
        }
      },
      "107": {
        "start": {
          "line": 300,
          "column": 5
        },
        "end": {
          "line": 300,
          "column": 27
        }
      },
      "108": {
        "start": {
          "line": 301,
          "column": 5
        },
        "end": {
          "line": 301,
          "column": 29
        }
      },
      "109": {
        "start": {
          "line": 302,
          "column": 5
        },
        "end": {
          "line": 302,
          "column": 33
        }
      },
      "110": {
        "start": {
          "line": 303,
          "column": 5
        },
        "end": {
          "line": 303,
          "column": 29
        }
      },
      "111": {
        "start": {
          "line": 304,
          "column": 5
        },
        "end": {
          "line": 304,
          "column": 40
        }
      },
      "112": {
        "start": {
          "line": 326,
          "column": 26
        },
        "end": {
          "line": 326,
          "column": 59
        }
      },
      "113": {
        "start": {
          "line": 344,
          "column": 26
        },
        "end": {
          "line": 344,
          "column": 59
        }
      },
      "114": {
        "start": {
          "line": 363,
          "column": 26
        },
        "end": {
          "line": 363,
          "column": 59
        }
      },
      "115": {
        "start": {
          "line": 400,
          "column": 19
        },
        "end": {
          "line": 400,
          "column": 54
        }
      },
      "116": {
        "start": {
          "line": 400,
          "column": 55
        },
        "end": {
          "line": 400,
          "column": 78
        }
      },
      "117": {
        "start": {
          "line": 410,
          "column": 19
        },
        "end": {
          "line": 410,
          "column": 55
        }
      },
      "118": {
        "start": {
          "line": 410,
          "column": 56
        },
        "end": {
          "line": 410,
          "column": 79
        }
      },
      "119": {
        "start": {
          "line": 420,
          "column": 5
        },
        "end": {
          "line": 420,
          "column": 26
        }
      },
      "120": {
        "start": {
          "line": 440,
          "column": 5
        },
        "end": {
          "line": 440,
          "column": 40
        }
      },
      "121": {
        "start": {
          "line": 441,
          "column": 5
        },
        "end": {
          "line": 441,
          "column": 28
        }
      },
      "122": {
        "start": {
          "line": 458,
          "column": 7
        },
        "end": {
          "line": 458,
          "column": 42
        }
      },
      "123": {
        "start": {
          "line": 459,
          "column": 7
        },
        "end": {
          "line": 459,
          "column": 30
        }
      },
      "124": {
        "start": {
          "line": 479,
          "column": 22
        },
        "end": {
          "line": 479,
          "column": 45
        }
      },
      "125": {
        "start": {
          "line": 479,
          "column": 45
        },
        "end": {
          "line": 479,
          "column": 81
        }
      },
      "126": {
        "start": {
          "line": 480,
          "column": 25
        },
        "end": {
          "line": 480,
          "column": 57
        }
      },
      "127": {
        "start": {
          "line": 528,
          "column": 36
        },
        "end": {
          "line": 528,
          "column": 59
        }
      },
      "128": {
        "start": {
          "line": 541,
          "column": 36
        },
        "end": {
          "line": 541,
          "column": 56
        }
      }
    },
    "fnMap": {
      "0": {
        "name": "Evento",
        "decl": {
          "start": {
            "line": 19,
            "column": 9
          },
          "end": {
            "line": 19,
            "column": 15
          }
        },
        "loc": {
          "start": {
            "line": 33,
            "column": 3
          },
          "end": {
            "line": 585,
            "column": 1
          }
        },
        "line": 33
      },
      "1": {
        "name": "(anonymous_1)",
        "decl": {
          "start": {
            "line": 62,
            "column": 20
          },
          "end": {
            "line": 62,
            "column": 21
          }
        },
        "loc": {
          "start": {
            "line": 62,
            "column": 29
          },
          "end": {
            "line": 83,
            "column": 2
          }
        },
        "line": 62
      },
      "2": {
        "name": "(anonymous_2)",
        "decl": {
          "start": {
            "line": 89,
            "column": 36
          },
          "end": {
            "line": 89,
            "column": 37
          }
        },
        "loc": {
          "start": {
            "line": 89,
            "column": 53
          },
          "end": {
            "line": 142,
            "column": 2
          }
        },
        "line": 89
      },
      "3": {
        "name": "(anonymous_3)",
        "decl": {
          "start": {
            "line": 106,
            "column": 26
          },
          "end": {
            "line": 106,
            "column": 27
          }
        },
        "loc": {
          "start": {
            "line": 106,
            "column": 33
          },
          "end": {
            "line": 106,
            "column": 46
          }
        },
        "line": 106
      },
      "4": {
        "name": "(anonymous_4)",
        "decl": {
          "start": {
            "line": 146,
            "column": 32
          },
          "end": {
            "line": 146,
            "column": 33
          }
        },
        "loc": {
          "start": {
            "line": 146,
            "column": 49
          },
          "end": {
            "line": 150,
            "column": 2
          }
        },
        "line": 146
      },
      "5": {
        "name": "(anonymous_5)",
        "decl": {
          "start": {
            "line": 152,
            "column": 30
          },
          "end": {
            "line": 152,
            "column": 31
          }
        },
        "loc": {
          "start": {
            "line": 152,
            "column": 36
          },
          "end": {
            "line": 155,
            "column": 2
          }
        },
        "line": 152
      },
      "6": {
        "name": "(anonymous_6)",
        "decl": {
          "start": {
            "line": 157,
            "column": 28
          },
          "end": {
            "line": 157,
            "column": 29
          }
        },
        "loc": {
          "start": {
            "line": 157,
            "column": 34
          },
          "end": {
            "line": 164,
            "column": 2
          }
        },
        "line": 157
      },
      "7": {
        "name": "(anonymous_7)",
        "decl": {
          "start": {
            "line": 169,
            "column": 41
          },
          "end": {
            "line": 169,
            "column": 42
          }
        },
        "loc": {
          "start": {
            "line": 169,
            "column": 53
          },
          "end": {
            "line": 189,
            "column": 2
          }
        },
        "line": 169
      },
      "8": {
        "name": "(anonymous_8)",
        "decl": {
          "start": {
            "line": 194,
            "column": 24
          },
          "end": {
            "line": 194,
            "column": 25
          }
        },
        "loc": {
          "start": {
            "line": 194,
            "column": 30
          },
          "end": {
            "line": 270,
            "column": 2
          }
        },
        "line": 194
      },
      "9": {
        "name": "(anonymous_9)",
        "decl": {
          "start": {
            "line": 199,
            "column": 14
          },
          "end": {
            "line": 199,
            "column": 15
          }
        },
        "loc": {
          "start": {
            "line": 199,
            "column": 18
          },
          "end": {
            "line": 201,
            "column": 42
          }
        },
        "line": 199
      },
      "10": {
        "name": "(anonymous_10)",
        "decl": {
          "start": {
            "line": 205,
            "column": 26
          },
          "end": {
            "line": 205,
            "column": 27
          }
        },
        "loc": {
          "start": {
            "line": 205,
            "column": 47
          },
          "end": {
            "line": 260,
            "column": 7
          }
        },
        "line": 205
      },
      "11": {
        "name": "(anonymous_11)",
        "decl": {
          "start": {
            "line": 213,
            "column": 22
          },
          "end": {
            "line": 213,
            "column": 23
          }
        },
        "loc": {
          "start": {
            "line": 213,
            "column": 28
          },
          "end": {
            "line": 222,
            "column": 13
          }
        },
        "line": 213
      },
      "12": {
        "name": "(anonymous_12)",
        "decl": {
          "start": {
            "line": 216,
            "column": 62
          },
          "end": {
            "line": 216,
            "column": 63
          }
        },
        "loc": {
          "start": {
            "line": 216,
            "column": 67
          },
          "end": {
            "line": 216,
            "column": 84
          }
        },
        "line": 216
      },
      "13": {
        "name": "(anonymous_13)",
        "decl": {
          "start": {
            "line": 251,
            "column": 21
          },
          "end": {
            "line": 251,
            "column": 22
          }
        },
        "loc": {
          "start": {
            "line": 251,
            "column": 27
          },
          "end": {
            "line": 251,
            "column": 58
          }
        },
        "line": 251
      },
      "14": {
        "name": "(anonymous_14)",
        "decl": {
          "start": {
            "line": 272,
            "column": 40
          },
          "end": {
            "line": 272,
            "column": 41
          }
        },
        "loc": {
          "start": {
            "line": 272,
            "column": 52
          },
          "end": {
            "line": 288,
            "column": 2
          }
        },
        "line": 272
      },
      "15": {
        "name": "(anonymous_15)",
        "decl": {
          "start": {
            "line": 274,
            "column": 53
          },
          "end": {
            "line": 274,
            "column": 54
          }
        },
        "loc": {
          "start": {
            "line": 274,
            "column": 60
          },
          "end": {
            "line": 274,
            "column": 95
          }
        },
        "line": 274
      },
      "16": {
        "name": "(anonymous_16)",
        "decl": {
          "start": {
            "line": 297,
            "column": 13
          },
          "end": {
            "line": 297,
            "column": 14
          }
        },
        "loc": {
          "start": {
            "line": 297,
            "column": 17
          },
          "end": {
            "line": 297,
            "column": 44
          }
        },
        "line": 297
      },
      "17": {
        "name": "(anonymous_17)",
        "decl": {
          "start": {
            "line": 298,
            "column": 12
          },
          "end": {
            "line": 298,
            "column": 13
          }
        },
        "loc": {
          "start": {
            "line": 298,
            "column": 18
          },
          "end": {
            "line": 305,
            "column": 5
          }
        },
        "line": 298
      },
      "18": {
        "name": "(anonymous_18)",
        "decl": {
          "start": {
            "line": 326,
            "column": 20
          },
          "end": {
            "line": 326,
            "column": 21
          }
        },
        "loc": {
          "start": {
            "line": 326,
            "column": 26
          },
          "end": {
            "line": 326,
            "column": 59
          }
        },
        "line": 326
      },
      "19": {
        "name": "(anonymous_19)",
        "decl": {
          "start": {
            "line": 344,
            "column": 20
          },
          "end": {
            "line": 344,
            "column": 21
          }
        },
        "loc": {
          "start": {
            "line": 344,
            "column": 26
          },
          "end": {
            "line": 344,
            "column": 59
          }
        },
        "line": 344
      },
      "20": {
        "name": "(anonymous_20)",
        "decl": {
          "start": {
            "line": 363,
            "column": 20
          },
          "end": {
            "line": 363,
            "column": 21
          }
        },
        "loc": {
          "start": {
            "line": 363,
            "column": 26
          },
          "end": {
            "line": 363,
            "column": 59
          }
        },
        "line": 363
      },
      "21": {
        "name": "(anonymous_21)",
        "decl": {
          "start": {
            "line": 400,
            "column": 12
          },
          "end": {
            "line": 400,
            "column": 13
          }
        },
        "loc": {
          "start": {
            "line": 400,
            "column": 18
          },
          "end": {
            "line": 400,
            "column": 79
          }
        },
        "line": 400
      },
      "22": {
        "name": "(anonymous_22)",
        "decl": {
          "start": {
            "line": 410,
            "column": 12
          },
          "end": {
            "line": 410,
            "column": 13
          }
        },
        "loc": {
          "start": {
            "line": 410,
            "column": 18
          },
          "end": {
            "line": 410,
            "column": 80
          }
        },
        "line": 410
      },
      "23": {
        "name": "(anonymous_23)",
        "decl": {
          "start": {
            "line": 419,
            "column": 12
          },
          "end": {
            "line": 419,
            "column": 13
          }
        },
        "loc": {
          "start": {
            "line": 419,
            "column": 18
          },
          "end": {
            "line": 421,
            "column": 5
          }
        },
        "line": 419
      },
      "24": {
        "name": "(anonymous_24)",
        "decl": {
          "start": {
            "line": 439,
            "column": 12
          },
          "end": {
            "line": 439,
            "column": 13
          }
        },
        "loc": {
          "start": {
            "line": 439,
            "column": 18
          },
          "end": {
            "line": 442,
            "column": 5
          }
        },
        "line": 439
      },
      "25": {
        "name": "(anonymous_25)",
        "decl": {
          "start": {
            "line": 457,
            "column": 15
          },
          "end": {
            "line": 457,
            "column": 16
          }
        },
        "loc": {
          "start": {
            "line": 457,
            "column": 21
          },
          "end": {
            "line": 460,
            "column": 7
          }
        },
        "line": 457
      },
      "26": {
        "name": "(anonymous_26)",
        "decl": {
          "start": {
            "line": 479,
            "column": 15
          },
          "end": {
            "line": 479,
            "column": 16
          }
        },
        "loc": {
          "start": {
            "line": 479,
            "column": 21
          },
          "end": {
            "line": 479,
            "column": 82
          }
        },
        "line": 479
      },
      "27": {
        "name": "(anonymous_27)",
        "decl": {
          "start": {
            "line": 480,
            "column": 19
          },
          "end": {
            "line": 480,
            "column": 20
          }
        },
        "loc": {
          "start": {
            "line": 480,
            "column": 25
          },
          "end": {
            "line": 480,
            "column": 57
          }
        },
        "line": 480
      },
      "28": {
        "name": "(anonymous_28)",
        "decl": {
          "start": {
            "line": 527,
            "column": 41
          },
          "end": {
            "line": 527,
            "column": 42
          }
        },
        "loc": {
          "start": {
            "line": 527,
            "column": 47
          },
          "end": {
            "line": 529,
            "column": 33
          }
        },
        "line": 527
      },
      "29": {
        "name": "(anonymous_29)",
        "decl": {
          "start": {
            "line": 540,
            "column": 41
          },
          "end": {
            "line": 540,
            "column": 42
          }
        },
        "loc": {
          "start": {
            "line": 540,
            "column": 47
          },
          "end": {
            "line": 542,
            "column": 33
          }
        },
        "line": 540
      }
    },
    "branchMap": {
      "0": {
        "loc": {
          "start": {
            "line": 68,
            "column": 2
          },
          "end": {
            "line": 70,
            "column": 3
          }
        },
        "type": "if",
        "locations": [
          {
            "start": {
              "line": 68,
              "column": 2
            },
            "end": {
              "line": 70,
              "column": 3
            }
          },
          {
            "start": {},
            "end": {}
          }
        ],
        "line": 68
      },
      "1": {
        "loc": {
          "start": {
            "line": 68,
            "column": 6
          },
          "end": {
            "line": 68,
            "column": 46
          }
        },
        "type": "binary-expr",
        "locations": [
          {
            "start": {
              "line": 68,
              "column": 6
            },
            "end": {
              "line": 68,
              "column": 24
            }
          },
          {
            "start": {
              "line": 68,
              "column": 28
            },
            "end": {
              "line": 68,
              "column": 46
            }
          }
        ],
        "line": 68
      },
      "2": {
        "loc": {
          "start": {
            "line": 80,
            "column": 3
          },
          "end": {
            "line": 80,
            "column": 60
          }
        },
        "type": "if",
        "locations": [
          {
            "start": {
              "line": 80,
              "column": 3
            },
            "end": {
              "line": 80,
              "column": 60
            }
          },
          {
            "start": {},
            "end": {}
          }
        ],
        "line": 80
      },
      "3": {
        "loc": {
          "start": {
            "line": 99,
            "column": 2
          },
          "end": {
            "line": 104,
            "column": 3
          }
        },
        "type": "if",
        "locations": [
          {
            "start": {
              "line": 99,
              "column": 2
            },
            "end": {
              "line": 104,
              "column": 3
            }
          },
          {
            "start": {
              "line": 101,
              "column": 9
            },
            "end": {
              "line": 104,
              "column": 3
            }
          }
        ],
        "line": 99
      },
      "4": {
        "loc": {
          "start": {
            "line": 106,
            "column": 2
          },
          "end": {
            "line": 109,
            "column": 3
          }
        },
        "type": "if",
        "locations": [
          {
            "start": {
              "line": 106,
              "column": 2
            },
            "end": {
              "line": 109,
              "column": 3
            }
          },
          {
            "start": {},
            "end": {}
          }
        ],
        "line": 106
      },
      "5": {
        "loc": {
          "start": {
            "line": 159,
            "column": 2
          },
          "end": {
            "line": 163,
            "column": 3
          }
        },
        "type": "if",
        "locations": [
          {
            "start": {
              "line": 159,
              "column": 2
            },
            "end": {
              "line": 163,
              "column": 3
            }
          },
          {
            "start": {
              "line": 161,
              "column": 9
            },
            "end": {
              "line": 163,
              "column": 3
            }
          }
        ],
        "line": 159
      },
      "6": {
        "loc": {
          "start": {
            "line": 170,
            "column": 2
          },
          "end": {
            "line": 170,
            "column": 45
          }
        },
        "type": "if",
        "locations": [
          {
            "start": {
              "line": 170,
              "column": 2
            },
            "end": {
              "line": 170,
              "column": 45
            }
          },
          {
            "start": {},
            "end": {}
          }
        ],
        "line": 170
      },
      "7": {
        "loc": {
          "start": {
            "line": 195,
            "column": 2
          },
          "end": {
            "line": 269,
            "column": 5
          }
        },
        "type": "if",
        "locations": [
          {
            "start": {
              "line": 195,
              "column": 2
            },
            "end": {
              "line": 269,
              "column": 5
            }
          },
          {
            "start": {
              "line": 265,
              "column": 3
            },
            "end": {
              "line": 269,
              "column": 5
            }
          }
        ],
        "line": 195
      },
      "8": {
        "loc": {
          "start": {
            "line": 214,
            "column": 13
          },
          "end": {
            "line": 221,
            "column": 14
          }
        },
        "type": "if",
        "locations": [
          {
            "start": {
              "line": 214,
              "column": 13
            },
            "end": {
              "line": 221,
              "column": 14
            }
          },
          {
            "start": {
              "line": 218,
              "column": 18
            },
            "end": {
              "line": 221,
              "column": 14
            }
          }
        ],
        "line": 214
      },
      "9": {
        "loc": {
          "start": {
            "line": 273,
            "column": 2
          },
          "end": {
            "line": 273,
            "column": 45
          }
        },
        "type": "if",
        "locations": [
          {
            "start": {
              "line": 273,
              "column": 2
            },
            "end": {
              "line": 273,
              "column": 45
            }
          },
          {
            "start": {},
            "end": {}
          }
        ],
        "line": 273
      },
      "10": {
        "loc": {
          "start": {
            "line": 369,
            "column": 8
          },
          "end": {
            "line": 373,
            "column": 8
          }
        },
        "type": "binary-expr",
        "locations": [
          {
            "start": {
              "line": 369,
              "column": 8
            },
            "end": {
              "line": 369,
              "column": 25
            }
          },
          {
            "start": {
              "line": 370,
              "column": 8
            },
            "end": {
              "line": 372,
              "column": 12
            }
          }
        ],
        "line": 369
      },
      "11": {
        "loc": {
          "start": {
            "line": 374,
            "column": 9
          },
          "end": {
            "line": 378,
            "column": 8
          }
        },
        "type": "binary-expr",
        "locations": [
          {
            "start": {
              "line": 374,
              "column": 9
            },
            "end": {
              "line": 374,
              "column": 33
            }
          },
          {
            "start": {
              "line": 374,
              "column": 37
            },
            "end": {
              "line": 374,
              "column": 52
            }
          },
          {
            "start": {
              "line": 374,
              "column": 56
            },
            "end": {
              "line": 374,
              "column": 68
            }
          },
          {
            "start": {
              "line": 374,
              "column": 72
            },
            "end": {
              "line": 374,
              "column": 86
            }
          },
          {
            "start": {
              "line": 375,
              "column": 8
            },
            "end": {
              "line": 377,
              "column": 12
            }
          }
        ],
        "line": 374
      },
      "12": {
        "loc": {
          "start": {
            "line": 563,
            "column": 61
          },
          "end": {
            "line": 563,
            "column": 91
          }
        },
        "type": "cond-expr",
        "locations": [
          {
            "start": {
              "line": 563,
              "column": 76
            },
            "end": {
              "line": 563,
              "column": 86
            }
          },
          {
            "start": {
              "line": 563,
              "column": 89
            },
            "end": {
              "line": 563,
              "column": 91
            }
          }
        ],
        "line": 563
      }
    },
    "s": {
      "0": 14,
      "1": 14,
      "2": 14,
      "3": 14,
      "4": 14,
      "5": 14,
      "6": 14,
      "7": 14,
      "8": 14,
      "9": 14,
[...]
              "line": 387,
              "column": 27
            }
          },
          {
            "start": {
              "line": 388,
              "column": 3
            },
            "end": {
              "line": 388,
              "column": 26
            }
          },
          {
            "start": {
              "line": 389,
              "column": 3
            },
            "end": {
              "line": 389,
              "column": 38
            }
          }
        ],
        "line": 386
      },
      "16": {
        "loc": {
          "start": {
            "line": 396,
            "column": 2
          },
          "end": {
            "line": 399,
            "column": 3
          }
        },
        "type": "if",
        "locations": [
          {
            "start": {
              "line": 396,
              "column": 2
            },
            "end": {
              "line": 399,
              "column": 3
            }
          },
          {
            "start": {},
            "end": {}
          }
        ],
        "line": 396
      },
      "17": {
        "loc": {
          "start": {
            "line": 411,
            "column": 4
          },
          "end": {
            "line": 413,
            "column": 46
          }
        },
        "type": "binary-expr",
        "locations": [
          {
            "start": {
              "line": 411,
              "column": 4
            },
            "end": {
              "line": 411,
              "column": 40
            }
          },
          {
            "start": {
              "line": 412,
              "column": 4
            },
            "end": {
              "line": 412,
              "column": 36
            }
          },
          {
            "start": {
              "line": 413,
              "column": 4
            },
            "end": {
              "line": 413,
              "column": 46
            }
          }
        ],
        "line": 411
      },
      "18": {
        "loc": {
          "start": {
            "line": 415,
            "column": 2
          },
          "end": {
            "line": 418,
            "column": 3
          }
        },
        "type": "if",
        "locations": [
          {
            "start": {
              "line": 415,
              "column": 2
            },
            "end": {
              "line": 418,
              "column": 3
            }
          },
          {
            "start": {},
            "end": {}
          }
        ],
        "line": 415
      },
      "19": {
        "loc": {
          "start": {
            "line": 472,
            "column": 2
          },
          "end": {
            "line": 481,
            "column": 3
          }
        },
        "type": "if",
        "locations": [
          {
            "start": {
              "line": 472,
              "column": 2
            },
            "end": {
              "line": 481,
              "column": 3
            }
          },
          {
            "start": {},
            "end": {}
          }
        ],
        "line": 472
      },
      "20": {
        "loc": {
          "start": {
            "line": 473,
            "column": 3
          },
          "end": {
            "line": 476,
            "column": 40
          }
        },
        "type": "binary-expr",
        "locations": [
          {
            "start": {
              "line": 473,
              "column": 3
            },
            "end": {
              "line": 473,
              "column": 37
            }
          },
          {
            "start": {
              "line": 474,
              "column": 3
            },
            "end": {
              "line": 474,
              "column": 29
            }
          },
          {
            "start": {
              "line": 475,
              "column": 3
            },
            "end": {
              "line": 475,
              "column": 28
            }
          },
          {
            "start": {
              "line": 476,
              "column": 3
            },
            "end": {
              "line": 476,
              "column": 40
            }
          }
        ],
        "line": 473
      },
      "21": {
        "loc": {
          "start": {
            "line": 483,
            "column": 2
          },
          "end": {
            "line": 486,
            "column": 3
          }
        },
        "type": "if",
        "locations": [
          {
            "start": {
              "line": 483,
              "column": 2
            },
            "end": {
              "line": 486,
              "column": 3
            }
          },
          {
            "start": {},
            "end": {}
          }
        ],
        "line": 483
      },
      "22": {
        "loc": {
          "start": {
            "line": 497,
            "column": 4
          },
          "end": {
            "line": 500,
            "column": 48
          }
        },
        "type": "binary-expr",
        "locations": [
          {
            "start": {
              "line": 497,
              "column": 4
            },
            "end": {
              "line": 497,
              "column": 42
            }
          },
          {
            "start": {
              "line": 498,
              "column": 4
            },
            "end": {
              "line": 498,
              "column": 36
            }
          },
          {
            "start": {
              "line": 499,
              "column": 4
            },
            "end": {
              "line": 499,
              "column": 38
            }
          },
          {
            "start": {
              "line": 500,
              "column": 4
            },
            "end": {
              "line": 500,
              "column": 48
            }
          }
        ],
        "line": 497
      },
      "23": {
        "loc": {
          "start": {
            "line": 502,
            "column": 2
          },
          "end": {
            "line": 505,
            "column": 3
          }
        },
        "type": "if",
        "locations": [
          {
            "start": {
              "line": 502,
              "column": 2
            },
            "end": {
              "line": 505,
              "column": 3
            }
          },
          {
            "start": {},
            "end": {}
          }
        ],
        "line": 502
      },
      "24": {
        "loc": {
          "start": {
            "line": 542,
            "column": 4
          },
          "end": {
            "line": 547,
            "column": 5
          }
        },
        "type": "if",
        "locations": [
          {
            "start": {
              "line": 542,
              "column": 4
            },
            "end": {
              "line": 547,
              "column": 5
            }
          },
          {
            "start": {
              "line": 545,
              "column": 8
            },
            "end": {
              "line": 547,
              "column": 5
            }
          }
        ],
        "line": 542
      },
      "25": {
        "loc": {
          "start": {
            "line": 559,
            "column": 2
          },
          "end": {
            "line": 563,
            "column": 30
          }
        },
        "type": "if",
        "locations": [
          {
            "start": {
              "line": 559,
              "column": 2
            },
            "end": {
              "line": 563,
              "column": 30
            }
          },
          {
            "start": {
              "line": 561,
              "column": 7
            },
            "end": {
              "line": 563,
              "column": 30
            }
          }
        ],
        "line": 559
      },
      "26": {
        "loc": {
          "start": {
            "line": 561,
            "column": 7
          },
          "end": {
            "line": 563,
            "column": 30
          }
        },
        "type": "if",
        "locations": [
          {
            "start": {
              "line": 561,
              "column": 7
            },
            "end": {
              "line": 563,
              "column": 30
            }
          },
          {
            "start": {
              "line": 563,
              "column": 7
            },
            "end": {
              "line": 563,
              "column": 30
            }
          }
        ],
        "line": 561
      },
      "27": {
        "loc": {
          "start": {
            "line": 566,
            "column": 21
          },
          "end": {
            "line": 569,
            "column": 21
          }
        },
        "type": "if",
        "locations": [
          {
            "start": {
              "line": 566,
              "column": 21
            },
            "end": {
              "line": 569,
              "column": 21
            }
          },
          {
            "start": {
              "line": 568,
              "column": 13
            },
            "end": {
              "line": 569,
              "column": 21
            }
          }
        ],
        "line": 566
      },
      "28": {
        "loc": {
          "start": {
            "line": 568,
            "column": 13
          },
          "end": {
            "line": 569,
            "column": 21
          }
        },
        "type": "if",
        "locations": [
          {
            "start": {
              "line": 568,
              "column": 13
            },
            "end": {
              "line": 569,
              "column": 21
            }
          },
          {
            "start": {
              "line": 569,
              "column": 13
            },
            "end": {
              "line": 569,
              "column": 21
            }
          }
        ],
        "line": 568
      },
      "29": {
        "loc": {
          "start": {
            "line": 780,
            "column": 8
          },
          "end": {
            "line": 792,
            "column": 15
          }
        },
        "type": "cond-expr",
        "locations": [
          {
            "start": {
              "line": 781,
              "column": 8
            },
            "end": {
              "line": 791,
              "column": 17
            }
          },
          {
            "start": {
              "line": 792,
              "column": 11
            },
            "end": {
              "line": 792,
              "column": 15
            }
          }
        ],
        "line": 780
      },
      "30": {
        "loc": {
          "start": {
            "line": 796,
            "column": 9
          },
          "end": {
            "line": 826,
            "column": 11
          }
        },
        "type": "cond-expr",
        "locations": [
          {
            "start": {
              "line": 798,
              "column": 9
            },
            "end": {
              "line": 798,
              "column": 110
            }
          },
          {
            "start": {
              "line": 800,
              "column": 9
            },
            "end": {
              "line": 826,
              "column": 11
            }
          }
        ],
        "line": 796
      },
      "31": {
        "loc": {
          "start": {
            "line": 798,
            "column": 61
          },
          "end": {
            "line": 798,
            "column": 104
          }
        },
        "type": "cond-expr",
        "locations": [
          {
            "start": {
              "line": 798,
              "column": 83
            },
            "end": {
              "line": 798,
              "column": 92
            }
          },
          {
            "start": {
              "line": 798,
              "column": 95
            },
            "end": {
              "line": 798,
              "column": 104
            }
          }
        ],
        "line": 798
      },
      "32": {
        "loc": {
          "start": {
            "line": 822,
            "column": 28
          },
          "end": {
            "line": 822,
            "column": 83
          }
        },
        "type": "cond-expr",
        "locations": [
          {
            "start": {
              "line": 822,
              "column": 71
            },
            "end": {
              "line": 822,
              "column": 75
            }
          },
          {
            "start": {
              "line": 822,
              "column": 78
            },
            "end": {
              "line": 822,
              "column": 83
            }
          }
        ],
        "line": 822
      }
    },
    "s": {
      "0": 42,
      "1": 42,
      "2": 42,
      "3": 42,
      "4": 42,
      "5": 42,
      "6": 42,
      "7": 42,
      "8": 42,
      "9": 42,
      "10": 42,
      "11": 42,
      "12": 42,
      "13": 42,
      "14": 42,
      "15": 42,
      "16": 42,
      "17": 42,
      "18": 42,
      "19": 42,
      "20": 42,
      "21": 42,
      "22": 42,
      "23": 42,
      "24": 42,
      "25": 42,
      "26": 6,
      "27": 4,
      "28": 8,
      "29": 0,
      "30": 4,
      "31": 8,
      "32": 8,
      "33": 8,
      "34": 8,
      "35": 8,
      "36": 8,
      "37": 4,
      "38": 42,
      "39": 0,
      "40": 0,
      "41": 0,
      "42": 0,
      "43": 0,
      "44": 0,
      "45": 42,
      "46": 6,
      "47": 42,
      "48": 42,
      "49": 0,
      "50": 0,
      "51": 0,
      "52": 0,
      "53": 0,
      "54": 0,
      "55": 0,
      "56": 0,
      "57": 42,
      "58": 1,
      "59": 1,
      "60": 1,
      "61": 1,
      "62": 1,
      "63": 1,
      "64": 2,
      "65": 1,
      "66": 0,
      "67": 0,
      "68": 0,
      "69": 0,
      "70": 0,
      "71": 0,
      "72": 0,
      "73": 0,
      "74": 0,
      "75": 0,
      "76": 0,
      "77": 0,
      "78": 0,
      "79": 0,
      "80": 42,
      "81": 0,
      "82": 0,
      "83": 0,
      "84": 0,
      "85": 0,
      "86": 0,
      "87": 0,
      "88": 0,
      "89": 0,
      "90": 0,
      "91": 0,
      "92": 0,
      "93": 0,
      "94": 0,
      "95": 0,
      "96": 0,
      "97": 42,
      "98": 1,
      "99": 1,
      "100": 1,
      "101": 42,
      "102": 1,
      "103": 0,
      "104": 1,
      "105": 42,
      "106": 0,
      "107": 0,
      "108": 0,
      "109": 42,
      "110": 0,
      "111": 42,
      "112": 0,
      "113": 42,
      "114": 0,
      "115": 0,
      "116": 0,
      "117": 0,
      "118": 0,
      "119": 0,
      "120": 0,
      "121": 0,
      "122": 0,
      "123": 0,
      "124": 0,
      "125": 0,
      "126": 0,
      "127": 0,
      "128": 0,
      "129": 0,
      "130": 0,
      "131": 0,
      "132": 0,
      "133": 0,
      "134": 0,
      "135": 0,
      "136": 0,
      "137": 0,
      "138": 0,
      "139": 0,
      "140": 0,
      "141": 0,
      "142": 0,
      "143": 0,
      "144": 0,
      "145": 0,
      "146": 0,
      "147": 0,
      "148": 42,
      "149": 0,
      "150": 0,
      "151": 42,
      "152": 0,
      "153": 0,
      "154": 0,
      "155": 0,
      "156": 42,
      "157": 0,
      "158": 0,
      "159": 0,
      "160": 0,
      "161": 0,
      "162": 0,
      "163": 0,
      "164": 0,
      "165": 0,
      "166": 0,
      "167": 0,
      "168": 0,
      "169": 0,
      "170": 0,
      "171": 0,
      "172": 0,
      "173": 0,
      "174": 0,
      "175": 0,
      "176": 0,
      "177": 0,
      "178": 0,
      "179": 0,
      "180": 0,
      "181": 0,
      "182": 0,
      "183": 0,
      "184": 0,
      "185": 0,
      "186": 0,
      "187": 0,
      "188": 0,
      "189": 0,
      "190": 42,
      "191": 0,
      "192": 0,
      "193": 0,
      "194": 0,
      "195": 0,
      "196": 0,
      "197": 0,
      "198": 0,
      "199": 0,
      "200": 0,
      "201": 0,
      "202": 0,
      "203": 0,
      "204": 0,
      "205": 0,
      "206": 0,
      "207": 0,
      "208": 0,
      "209": 0,
      "210": 0,
      "211": 0,
      "212": 0,
      "213": 0,
      "214": 0,
      "215": 0,
      "216": 0,
      "217": 0,
      "218": 0,
      "219": 0,
      "220": 0,
      "221": 0,
      "222": 42,
      "223": 98,
      "224": 84,
      "225": 84,
      "226": 0,
      "227": 42,
      "228": 98,
      "229": 0,
      "230": 0,
      "231": 98,
      "232": 98,
      "233": 0,
      "234": 0,
      "235": 0,
      "236": 0,
      "237": 0,
      "238": 0,
      "239": 0,
      "240": 0,
      "241": 0,
      "242": 42,
      "243": 42,
      "244": 6,
      "245": 42,
      "246": 13,
      "247": 0,
      "248": 0,
      "249": 0,
      "250": 0,
      "251": 0,
      "252": 0,
      "253": 0,
      "254": 0,
      "255": 0,
      "256": 0,
      "257": 0,
      "258": 0,
      "259": 0,
      "260": 0,
      "261": 0,
      "262": 0,
      "263": 0,
      "264": 0,
      "265": 0,
      "266": 0,
      "267": 0,
      "268": 0,
      "269": 0,
      "270": 0,
      "271": 14,
      "272": 0,
      "273": 0,
      "274": 0,
      "275": 1,
      "276": 0,
      "277": 0
    },
    "f": {
      "0": 42,
      "1": 6,
      "2": 8,
      "3": 0,
      "4": 8,
      "5": 0,
      "6": 0,
      "7": 6,
      "8": 6,
      "9": 0,
      "10": 1,
      "11": 2,
      "12": 0,
      "13": 0,
      "14": 0,
      "15": 0,
      "16": 0,
      "17": 1,
      "18": 1,
      "19": 0,
      "20": 0,
      "21": 0,
      "22": 0,
      "23": 0,
      "24": 0,
      "25": 0,
      "26": 0,
      "27": 0,
      "28": 0,
      "29": 0,
      "30": 0,
      "31": 0,
      "32": 0,
      "33": 0,
      "34": 0,
      "35": 0,
      "36": 98,
      "37": 84,
      "38": 42,
      "39": 0,
      "40": 0,
      "41": 0,
      "42": 0,
      "43": 6,
      "44": 13,
      "45": 0,
      "46": 0,
      "47": 0,
      "48": 0,
      "49": 0,
      "50": 0,
      "51": 0,
      "52": 0,
      "53": 0,
      "54": 0,
      "55": 0,
      "56": 0,
      "57": 0,
      "58": 0,
      "59": 0,
      "60": 0,
      "61": 0,
      "62": 0,
      "63": 0,
      "64": 14,
      "65": 0,
      "66": 1,
      "67": 0,
      "68": 0
    },
    "b": {
      "0": [
        8,
        8
      ],
      "1": [
        0,
        0
      ],
      "2": [
        0,
        6
      ],
      "3": [
        0,
        0
      ],
      "4": [
        1,
        0
      ],
      "5": [
        1,
        0
      ],
      "6": [
        0,
        0
      ],
      "7": [
        0,
        0
      ],
      "8": [
        0,
        0
      ],
      "9": [
        0,
        0
      ],
      "10": [
        0,
        0
      ],
      "11": [
        0,
        0
      ],
      "12": [
        0,
        0
      ],
      "13": [
        0,
        0
      ],
      "14": [
        0,
        0
      ],
      "15": [
        0,
        0,
        0,
        0
      ],
      "16": [
        0,
        0
      ],
      "17": [
        0,
        0,
        0
      ],
      "18": [
        0,
        0
      ],
      "19": [
        0,
        0
      ],
      "20": [
        0,
        0,
        0,
        0
      ],
      "21": [
        0,
        0
      ],
      "22": [
        0,
        0,
        0,
        0
      ],
      "23": [
        0,
        0
      ],
      "24": [
        84,
        0
      ],
      "25": [
        0,
        98
      ],
      "26": [
        98,
        0
      ],
      "27": [
        0,
        0
      ],
      "28": [
        0,
        0
      ],
      "29": [
        0,
        42
      ],
      "30": [
        28,
        14
      ],
      "31": [
        28,
        0
      ],
      "32": [
        0,
        14
      ]
    },
    "_coverageSchema": "1a1c01bbd47fc00a2c39e90264f33305004495a9",
    "hash": "1a8a119eadb4b39aa7aeebaa19d99d5f89d1f04d"
  }
}